Wed, 19 Dec 2018 14:02:19-INFO-conftest.py-login_driver-[ line:15-=====用例前置：初始化浏览器会话，登陆教务管理系统=======
Wed, 19 Dec 2018 14:02:31-INFO-basepage.py-wait_elementvisibility-[ line:33-等待元素可见：txtUserName，开始等待时间：2018-12-19 14:02:31.089980，等待结束时间2018-12-19 14:02:31.199987，等待时间间隔：86399
Wed, 19 Dec 2018 14:02:31-INFO-basepage.py-send_keys_element-[ line:237-执行元素输入操作。
Wed, 19 Dec 2018 14:02:31-INFO-basepage.py-find_element-[ line:107-通过{0}方式，查找元素{1}。
Wed, 19 Dec 2018 14:02:31-INFO-basepage.py-send_keys_element-[ line:237-执行元素输入操作。
Wed, 19 Dec 2018 14:02:31-INFO-basepage.py-find_element-[ line:107-通过{0}方式，查找元素{1}。
Wed, 19 Dec 2018 14:02:31-INFO-basepage.py-click_element-[ line:138-执行元素点击操作。
Wed, 19 Dec 2018 14:02:31-INFO-basepage.py-find_element-[ line:107-通过{0}方式，查找元素{1}。
Wed, 19 Dec 2018 14:02:33-INFO-basepage.py-wait_elementvisibility-[ line:33-等待元素可见：.logo-mini>img，开始等待时间：2018-12-19 14:02:32.814079，等待结束时间2018-12-19 14:02:33.710130，等待时间间隔：86399
Wed, 19 Dec 2018 14:02:33-INFO-basepage.py-click_element-[ line:138-执行元素点击操作。
Wed, 19 Dec 2018 14:02:33-INFO-basepage.py-find_element-[ line:107-通过{0}方式，查找元素{1}。
Wed, 19 Dec 2018 14:02:34-INFO-basepage.py-wait_elementvisibility-[ line:33-等待元素可见：#vuewrap>aside>div>section>ul>li:nth-child(1)>a，开始等待时间：2018-12-19 14:02:33.897141，等待结束时间2018-12-19 14:02:34.278163，等待时间间隔：86399
Wed, 19 Dec 2018 14:02:34-INFO-basepage.py-click_element-[ line:138-执行元素点击操作。
Wed, 19 Dec 2018 14:02:34-INFO-basepage.py-find_element-[ line:107-通过{0}方式，查找元素{1}。
Wed, 19 Dec 2018 14:02:34-INFO-basepage.py-wait_elementvisibility-[ line:33-等待元素可见：div.listwrap>div:nth-child(1)>ul>li:nth-child(1)>a，开始等待时间：2018-12-19 14:02:34.681186，等待结束时间2018-12-19 14:02:34.774191，等待时间间隔：86399
Wed, 19 Dec 2018 14:02:34-INFO-basepage.py-click_element-[ line:138-执行元素点击操作。
Wed, 19 Dec 2018 14:02:34-INFO-basepage.py-find_element-[ line:107-通过{0}方式，查找元素{1}。
Wed, 19 Dec 2018 14:02:35-INFO-basepage.py-switch_iframe_byname-[ line:82-通过iframe的名字{0}查找iframe
Wed, 19 Dec 2018 14:02:38-INFO-basepage.py-wait_elementvisibility-[ line:33-等待元素可见：FirstName，开始等待时间：2018-12-19 14:02:38.104382，等待结束时间2018-12-19 14:02:38.202387，等待时间间隔：86399
Wed, 19 Dec 2018 14:02:38-INFO-basepage.py-send_keys_element-[ line:237-执行元素输入操作。
Wed, 19 Dec 2018 14:02:38-INFO-basepage.py-find_element-[ line:107-通过{0}方式，查找元素{1}。
Wed, 19 Dec 2018 14:02:38-INFO-basepage.py-wait_elementvisibility-[ line:33-等待元素可见：LastName，开始等待时间：2018-12-19 14:02:38.464402，等待结束时间2018-12-19 14:02:38.579409，等待时间间隔：86399
Wed, 19 Dec 2018 14:02:38-INFO-basepage.py-send_keys_element-[ line:237-执行元素输入操作。
Wed, 19 Dec 2018 14:02:38-INFO-basepage.py-find_element-[ line:107-通过{0}方式，查找元素{1}。
Wed, 19 Dec 2018 14:02:39-INFO-basepage.py-wait_elementvisibility-[ line:33-等待元素可见：FormerName，开始等待时间：2018-12-19 14:02:38.856425，等待结束时间2018-12-19 14:02:39.039435，等待时间间隔：86399
Wed, 19 Dec 2018 14:02:39-INFO-basepage.py-send_keys_element-[ line:237-执行元素输入操作。
Wed, 19 Dec 2018 14:02:39-INFO-basepage.py-find_element-[ line:107-通过{0}方式，查找元素{1}。
Wed, 19 Dec 2018 14:02:39-INFO-basepage.py-wait_elementvisibility-[ line:33-等待元素可见：ddlGender，开始等待时间：2018-12-19 14:02:39.413457，等待结束时间2018-12-19 14:02:39.594467，等待时间间隔：86399
Wed, 19 Dec 2018 14:02:39-INFO-basepage.py-select_element-[ line:255-下拉选择元素操作。
Wed, 19 Dec 2018 14:02:39-INFO-basepage.py-find_element-[ line:107-通过{0}方式，查找元素{1}。
Wed, 19 Dec 2018 14:02:40-INFO-basepage.py-wait_elementvisibility-[ line:33-等待元素可见：EngFamilyName，开始等待时间：2018-12-19 14:02:39.952487，等待结束时间2018-12-19 14:02:40.152499，等待时间间隔：86399
Wed, 19 Dec 2018 14:02:40-INFO-basepage.py-send_keys_element-[ line:237-执行元素输入操作。
Wed, 19 Dec 2018 14:02:40-INFO-basepage.py-find_element-[ line:107-通过{0}方式，查找元素{1}。
Wed, 19 Dec 2018 14:02:40-INFO-basepage.py-wait_elementvisibility-[ line:33-等待元素可见：EngFirstName，开始等待时间：2018-12-19 14:02:40.411514，等待结束时间2018-12-19 14:02:40.530520，等待时间间隔：86399
Wed, 19 Dec 2018 14:02:40-INFO-basepage.py-send_keys_element-[ line:237-执行元素输入操作。
Wed, 19 Dec 2018 14:02:40-INFO-basepage.py-find_element-[ line:107-通过{0}方式，查找元素{1}。
Wed, 19 Dec 2018 14:02:40-INFO-basepage.py-wait_elementvisibility-[ line:33-等待元素可见：Birth，开始等待时间：2018-12-19 14:02:40.865540，等待结束时间2018-12-19 14:02:40.990547，等待时间间隔：86399
Wed, 19 Dec 2018 14:02:40-INFO-basepage.py-remove_attribute-[ line:156-移除元素属性操作
Wed, 19 Dec 2018 14:02:41-INFO-basepage.py-send_keys_element-[ line:237-执行元素输入操作。
Wed, 19 Dec 2018 14:02:41-INFO-basepage.py-find_element-[ line:107-通过{0}方式，查找元素{1}。
Wed, 19 Dec 2018 14:02:41-INFO-basepage.py-wait_elementvisibility-[ line:33-等待元素可见：ddlCountryCode，开始等待时间：2018-12-19 14:02:41.518577，等待结束时间2018-12-19 14:02:41.631583，等待时间间隔：86399
Wed, 19 Dec 2018 14:02:41-INFO-basepage.py-select_element-[ line:255-下拉选择元素操作。
Wed, 19 Dec 2018 14:02:41-INFO-basepage.py-find_element-[ line:107-通过{0}方式，查找元素{1}。
Wed, 19 Dec 2018 14:02:41-INFO-basepage.py-wait_elementvisibility-[ line:33-等待元素可见：ddlNationality，开始等待时间：2018-12-19 14:02:41.830595，等待结束时间2018-12-19 14:02:41.933601，等待时间间隔：86399
Wed, 19 Dec 2018 14:02:41-INFO-basepage.py-select_element-[ line:255-下拉选择元素操作。
Wed, 19 Dec 2018 14:02:41-INFO-basepage.py-find_element-[ line:107-通过{0}方式，查找元素{1}。
Wed, 19 Dec 2018 14:02:42-INFO-basepage.py-wait_elementvisibility-[ line:33-等待元素可见：ddlPoliticalStatus，开始等待时间：2018-12-19 14:02:42.124612，等待结束时间2018-12-19 14:02:42.230618，等待时间间隔：86399
Wed, 19 Dec 2018 14:02:42-INFO-basepage.py-select_element-[ line:255-下拉选择元素操作。
Wed, 19 Dec 2018 14:02:42-INFO-basepage.py-find_element-[ line:107-通过{0}方式，查找元素{1}。
Wed, 19 Dec 2018 14:02:42-INFO-basepage.py-wait_elementvisibility-[ line:33-等待元素可见：NativePlace，开始等待时间：2018-12-19 14:02:42.508634，等待结束时间2018-12-19 14:02:42.624640，等待时间间隔：86399
Wed, 19 Dec 2018 14:02:42-INFO-basepage.py-send_keys_element-[ line:237-执行元素输入操作。
Wed, 19 Dec 2018 14:02:42-INFO-basepage.py-find_element-[ line:107-通过{0}方式，查找元素{1}。
Wed, 19 Dec 2018 14:02:43-INFO-basepage.py-wait_elementvisibility-[ line:33-等待元素可见：ddlCardType，开始等待时间：2018-12-19 14:02:42.971660，等待结束时间2018-12-19 14:02:43.078666，等待时间间隔：86399
Wed, 19 Dec 2018 14:02:43-INFO-basepage.py-send_keys_element-[ line:237-执行元素输入操作。
Wed, 19 Dec 2018 14:02:43-INFO-basepage.py-find_element-[ line:107-通过{0}方式，查找元素{1}。
Wed, 19 Dec 2018 14:02:43-INFO-basepage.py-wait_elementvisibility-[ line:33-等待元素可见：CardNo，开始等待时间：2018-12-19 14:02:43.261677，等待结束时间2018-12-19 14:02:43.363683，等待时间间隔：86399
Wed, 19 Dec 2018 14:02:43-INFO-basepage.py-send_keys_element-[ line:237-执行元素输入操作。
Wed, 19 Dec 2018 14:02:43-INFO-basepage.py-find_element-[ line:107-通过{0}方式，查找元素{1}。
Wed, 19 Dec 2018 14:02:44-INFO-basepage.py-wait_elementvisibility-[ line:33-等待元素可见：VisaEffectiveDate，开始等待时间：2018-12-19 14:02:44.091724，等待结束时间2018-12-19 14:02:44.197730，等待时间间隔：86399
Wed, 19 Dec 2018 14:02:44-INFO-basepage.py-remove_attribute-[ line:156-移除元素属性操作
Wed, 19 Dec 2018 14:02:44-INFO-basepage.py-send_keys_element-[ line:237-执行元素输入操作。
Wed, 19 Dec 2018 14:02:44-INFO-basepage.py-find_element-[ line:107-通过{0}方式，查找元素{1}。
Wed, 19 Dec 2018 14:02:44-INFO-basepage.py-wait_elementvisibility-[ line:33-等待元素可见：ddlMarriage，开始等待时间：2018-12-19 14:02:44.726760，等待结束时间2018-12-19 14:02:44.839767，等待时间间隔：86399
Wed, 19 Dec 2018 14:02:44-INFO-basepage.py-select_element-[ line:255-下拉选择元素操作。
Wed, 19 Dec 2018 14:02:44-INFO-basepage.py-find_element-[ line:107-通过{0}方式，查找元素{1}。
Wed, 19 Dec 2018 14:02:45-INFO-basepage.py-wait_elementvisibility-[ line:33-等待元素可见：ddlNativeLanguage，开始等待时间：2018-12-19 14:02:45.089781，等待结束时间2018-12-19 14:02:45.222789，等待时间间隔：86399
Wed, 19 Dec 2018 14:02:45-INFO-basepage.py-select_element-[ line:255-下拉选择元素操作。
Wed, 19 Dec 2018 14:02:45-INFO-basepage.py-find_element-[ line:107-通过{0}方式，查找元素{1}。
Wed, 19 Dec 2018 14:02:45-INFO-basepage.py-wait_elementvisibility-[ line:33-等待元素可见：ddlMainDarin，开始等待时间：2018-12-19 14:02:45.467803，等待结束时间2018-12-19 14:02:45.561808，等待时间间隔：86399
Wed, 19 Dec 2018 14:02:45-INFO-basepage.py-select_element-[ line:255-下拉选择元素操作。
Wed, 19 Dec 2018 14:02:45-INFO-basepage.py-find_element-[ line:107-通过{0}方式，查找元素{1}。
Wed, 19 Dec 2018 14:02:45-INFO-basepage.py-wait_elementvisibility-[ line:33-等待元素可见：SchoolRollNumber，开始等待时间：2018-12-19 14:02:45.709817，等待结束时间2018-12-19 14:02:45.800822，等待时间间隔：86399
Wed, 19 Dec 2018 14:02:45-INFO-basepage.py-send_keys_element-[ line:237-执行元素输入操作。
Wed, 19 Dec 2018 14:02:45-INFO-basepage.py-find_element-[ line:107-通过{0}方式，查找元素{1}。
Wed, 19 Dec 2018 14:02:46-INFO-basepage.py-wait_elementvisibility-[ line:33-等待元素可见：ddlDepartment，开始等待时间：2018-12-19 14:02:46.210845，等待结束时间2018-12-19 14:02:46.301851，等待时间间隔：86399
Wed, 19 Dec 2018 14:02:46-INFO-basepage.py-select_element-[ line:255-下拉选择元素操作。
Wed, 19 Dec 2018 14:02:46-INFO-basepage.py-find_element-[ line:107-通过{0}方式，查找元素{1}。
Wed, 19 Dec 2018 14:02:46-INFO-basepage.py-wait_elementvisibility-[ line:33-等待元素可见：ddlGrade，开始等待时间：2018-12-19 14:02:46.552865，等待结束时间2018-12-19 14:02:46.682872，等待时间间隔：86399
Wed, 19 Dec 2018 14:02:46-INFO-basepage.py-select_element-[ line:255-下拉选择元素操作。
Wed, 19 Dec 2018 14:02:46-INFO-basepage.py-find_element-[ line:107-通过{0}方式，查找元素{1}。
Wed, 19 Dec 2018 14:02:47-INFO-basepage.py-wait_elementvisibility-[ line:33-等待元素可见：ddlTrainLevel，开始等待时间：2018-12-19 14:02:46.926886，等待结束时间2018-12-19 14:02:47.031892，等待时间间隔：86399
Wed, 19 Dec 2018 14:02:47-INFO-basepage.py-select_element-[ line:255-下拉选择元素操作。
Wed, 19 Dec 2018 14:02:47-INFO-basepage.py-find_element-[ line:107-通过{0}方式，查找元素{1}。
Wed, 19 Dec 2018 14:02:47-INFO-basepage.py-wait_elementvisibility-[ line:33-等待元素可见：SchoolSystem，开始等待时间：2018-12-19 14:02:47.281907，等待结束时间2018-12-19 14:02:47.380912，等待时间间隔：86399
Wed, 19 Dec 2018 14:02:47-INFO-basepage.py-remove_attribute-[ line:156-移除元素属性操作
Wed, 19 Dec 2018 14:02:47-INFO-basepage.py-send_keys_element-[ line:237-执行元素输入操作。
Wed, 19 Dec 2018 14:02:47-INFO-basepage.py-find_element-[ line:107-通过{0}方式，查找元素{1}。
Wed, 19 Dec 2018 14:02:47-INFO-basepage.py-wait_elementvisibility-[ line:33-等待元素可见：ddlProgram，开始等待时间：2018-12-19 14:02:47.594925，等待结束时间2018-12-19 14:02:47.707931，等待时间间隔：86399
Wed, 19 Dec 2018 14:02:47-INFO-basepage.py-select_element-[ line:255-下拉选择元素操作。
Wed, 19 Dec 2018 14:02:47-INFO-basepage.py-find_element-[ line:107-通过{0}方式，查找元素{1}。
Wed, 19 Dec 2018 14:02:48-INFO-basepage.py-wait_elementvisibility-[ line:33-等待元素可见：ddlStudentType，开始等待时间：2018-12-19 14:02:47.956945，等待结束时间2018-12-19 14:02:48.084953，等待时间间隔：86399
Wed, 19 Dec 2018 14:02:48-INFO-basepage.py-select_element-[ line:255-下拉选择元素操作。
Wed, 19 Dec 2018 14:02:48-INFO-basepage.py-find_element-[ line:107-通过{0}方式，查找元素{1}。
Wed, 19 Dec 2018 14:02:48-INFO-basepage.py-wait_elementvisibility-[ line:33-等待元素可见：ddlStudentType，开始等待时间：2018-12-19 14:02:48.347968，等待结束时间2018-12-19 14:02:48.459974，等待时间间隔：86399
Wed, 19 Dec 2018 14:02:48-INFO-basepage.py-select_element-[ line:255-下拉选择元素操作。
Wed, 19 Dec 2018 14:02:48-INFO-basepage.py-find_element-[ line:107-通过{0}方式，查找元素{1}。
Wed, 19 Dec 2018 14:02:48-INFO-basepage.py-wait_elementvisibility-[ line:33-等待元素可见：ddlDistributary，开始等待时间：2018-12-19 14:02:48.743990，等待结束时间2018-12-19 14:02:48.847996，等待时间间隔：86399
Wed, 19 Dec 2018 14:02:48-INFO-basepage.py-select_element-[ line:255-下拉选择元素操作。
Wed, 19 Dec 2018 14:02:48-INFO-basepage.py-find_element-[ line:107-通过{0}方式，查找元素{1}。
Wed, 19 Dec 2018 14:02:49-INFO-basepage.py-wait_elementvisibility-[ line:33-等待元素可见：ddlEnterGrade，开始等待时间：2018-12-19 14:02:49.050008，等待结束时间2018-12-19 14:02:49.145013，等待时间间隔：86399
Wed, 19 Dec 2018 14:02:49-INFO-basepage.py-select_element-[ line:255-下拉选择元素操作。
Wed, 19 Dec 2018 14:02:49-INFO-basepage.py-find_element-[ line:107-通过{0}方式，查找元素{1}。
Wed, 19 Dec 2018 14:02:49-INFO-basepage.py-wait_elementvisibility-[ line:33-等待元素可见：EnterDate，开始等待时间：2018-12-19 14:02:49.389027，等待结束时间2018-12-19 14:02:49.489033，等待时间间隔：86399
Wed, 19 Dec 2018 14:02:49-INFO-basepage.py-remove_attribute-[ line:156-移除元素属性操作
Wed, 19 Dec 2018 14:02:49-INFO-basepage.py-clear_input-[ line:176-清除文本框内容操作。
Wed, 19 Dec 2018 14:02:49-INFO-basepage.py-find_element-[ line:107-通过{0}方式，查找元素{1}。
Wed, 19 Dec 2018 14:02:49-INFO-basepage.py-send_keys_element-[ line:237-执行元素输入操作。
Wed, 19 Dec 2018 14:02:49-INFO-basepage.py-find_element-[ line:107-通过{0}方式，查找元素{1}。
Wed, 19 Dec 2018 14:02:50-INFO-basepage.py-wait_elementvisibility-[ line:33-等待元素可见：EndDate，开始等待时间：2018-12-19 14:02:49.966060，等待结束时间2018-12-19 14:02:50.062066，等待时间间隔：86399
Wed, 19 Dec 2018 14:02:50-INFO-basepage.py-remove_attribute-[ line:156-移除元素属性操作
Wed, 19 Dec 2018 14:02:50-INFO-basepage.py-clear_input-[ line:176-清除文本框内容操作。
Wed, 19 Dec 2018 14:02:50-INFO-basepage.py-find_element-[ line:107-通过{0}方式，查找元素{1}。
Wed, 19 Dec 2018 14:02:50-INFO-basepage.py-send_keys_element-[ line:237-执行元素输入操作。
Wed, 19 Dec 2018 14:02:50-INFO-basepage.py-find_element-[ line:107-通过{0}方式，查找元素{1}。
Wed, 19 Dec 2018 14:02:50-INFO-basepage.py-wait_elementvisibility-[ line:33-等待元素可见：txtStudentExamCode，开始等待时间：2018-12-19 14:02:50.616097，等待结束时间2018-12-19 14:02:50.711103，等待时间间隔：86399
Wed, 19 Dec 2018 14:02:50-INFO-basepage.py-send_keys_element-[ line:237-执行元素输入操作。
Wed, 19 Dec 2018 14:02:50-INFO-basepage.py-find_element-[ line:107-通过{0}方式，查找元素{1}。
Wed, 19 Dec 2018 14:02:51-INFO-basepage.py-wait_elementvisibility-[ line:33-等待元素可见：ddlStudentSourseType，开始等待时间：2018-12-19 14:02:51.333138，等待结束时间2018-12-19 14:02:51.444145，等待时间间隔：86399
Wed, 19 Dec 2018 14:02:51-INFO-basepage.py-select_element-[ line:255-下拉选择元素操作。
Wed, 19 Dec 2018 14:02:51-INFO-basepage.py-find_element-[ line:107-通过{0}方式，查找元素{1}。
Wed, 19 Dec 2018 14:02:51-INFO-basepage.py-wait_elementvisibility-[ line:33-等待元素可见：ddlSourceArea，开始等待时间：2018-12-19 14:02:51.640156，等待结束时间2018-12-19 14:02:51.754162，等待时间间隔：86399
Wed, 19 Dec 2018 14:02:51-INFO-basepage.py-select_element-[ line:255-下拉选择元素操作。
Wed, 19 Dec 2018 14:02:51-INFO-basepage.py-find_element-[ line:107-通过{0}方式，查找元素{1}。
Wed, 19 Dec 2018 14:02:52-INFO-basepage.py-wait_elementvisibility-[ line:33-等待元素可见：//input[@value='暂存']，开始等待时间：2018-12-19 14:02:51.950174，等待结束时间2018-12-19 14:02:52.063180，等待时间间隔：86399
Wed, 19 Dec 2018 14:02:52-INFO-basepage.py-click_element-[ line:138-执行元素点击操作。
Wed, 19 Dec 2018 14:02:52-INFO-basepage.py-find_element-[ line:107-通过{0}方式，查找元素{1}。
Wed, 19 Dec 2018 14:02:53-INFO-basepage.py-wait_elementvisibility-[ line:33-等待元素可见：//span[text()='确定']，开始等待时间：2018-12-19 14:02:52.520206，等待结束时间2018-12-19 14:02:53.279250，等待时间间隔：86399
Wed, 19 Dec 2018 14:02:53-INFO-basepage.py-click_element-[ line:138-执行元素点击操作。
Wed, 19 Dec 2018 14:02:53-INFO-basepage.py-find_element-[ line:107-通过{0}方式，查找元素{1}。
Wed, 19 Dec 2018 14:02:56-INFO-basepage.py-wait_elementvisibility-[ line:33-等待元素可见：//table[@class='TableCss']，开始等待时间：2018-12-19 14:02:56.602440，等待结束时间2018-12-19 14:02:56.706446，等待时间间隔：86399
Wed, 19 Dec 2018 14:02:56-INFO-basepage.py-get_table-[ line:200-获取表格数据操作。
Wed, 19 Dec 2018 14:02:56-INFO-basepage.py-wait_elementvisibility-[ line:33-等待元素可见：//table[@class='TableCss']，开始等待时间：2018-12-19 14:02:56.707446，等待结束时间2018-12-19 14:02:56.777450，等待时间间隔：86399
Wed, 19 Dec 2018 14:02:56-INFO-basepage.py-get_table-[ line:200-获取表格数据操作。
Wed, 19 Dec 2018 14:02:57-INFO-basepage.py-wait_elementvisibility-[ line:33-等待元素可见：//table[@class='TableCss']，开始等待时间：2018-12-19 14:02:56.956460，等待结束时间2018-12-19 14:02:57.025464，等待时间间隔：86399
Wed, 19 Dec 2018 14:02:57-INFO-conftest.py-login_driver-[ line:24-=====用例后置：关闭浏览器会话,清理环境=======
Wed, 19 Dec 2018 14:03:00-INFO-conftest.py-login_driver-[ line:15-=====用例前置：初始化浏览器会话，登陆教务管理系统=======
Wed, 19 Dec 2018 14:03:10-INFO-basepage.py-wait_elementvisibility-[ line:33-等待元素可见：txtUserName，开始等待时间：2018-12-19 14:03:10.808252，等待结束时间2018-12-19 14:03:10.946260，等待时间间隔：86399
Wed, 19 Dec 2018 14:03:10-INFO-basepage.py-send_keys_element-[ line:237-执行元素输入操作。
Wed, 19 Dec 2018 14:03:10-INFO-basepage.py-find_element-[ line:107-通过{0}方式，查找元素{1}。
Wed, 19 Dec 2018 14:03:11-INFO-basepage.py-send_keys_element-[ line:237-执行元素输入操作。
Wed, 19 Dec 2018 14:03:11-INFO-basepage.py-find_element-[ line:107-通过{0}方式，查找元素{1}。
Wed, 19 Dec 2018 14:03:11-INFO-basepage.py-click_element-[ line:138-执行元素点击操作。
Wed, 19 Dec 2018 14:03:11-INFO-basepage.py-find_element-[ line:107-通过{0}方式，查找元素{1}。
Wed, 19 Dec 2018 14:03:13-INFO-basepage.py-wait_elementvisibility-[ line:33-等待元素可见：.logo-mini>img，开始等待时间：2018-12-19 14:03:12.615356，等待结束时间2018-12-19 14:03:13.662415，等待时间间隔：86398
Wed, 19 Dec 2018 14:03:13-INFO-basepage.py-click_element-[ line:138-执行元素点击操作。
Wed, 19 Dec 2018 14:03:13-INFO-basepage.py-find_element-[ line:107-通过{0}方式，查找元素{1}。
Wed, 19 Dec 2018 14:03:14-INFO-basepage.py-wait_elementvisibility-[ line:33-等待元素可见：#vuewrap>aside>div>section>ul>li:nth-child(1)>a，开始等待时间：2018-12-19 14:03:13.902429，等待结束时间2018-12-19 14:03:14.437460，等待时间间隔：86399
Wed, 19 Dec 2018 14:03:14-INFO-basepage.py-click_element-[ line:138-执行元素点击操作。
Wed, 19 Dec 2018 14:03:14-INFO-basepage.py-find_element-[ line:107-通过{0}方式，查找元素{1}。
Wed, 19 Dec 2018 14:03:15-INFO-basepage.py-wait_elementvisibility-[ line:33-等待元素可见：div.listwrap>div:nth-child(1)>ul>li:nth-child(1)>a，开始等待时间：2018-12-19 14:03:14.929488，等待结束时间2018-12-19 14:03:15.056495，等待时间间隔：86399
Wed, 19 Dec 2018 14:03:15-INFO-basepage.py-click_element-[ line:138-执行元素点击操作。
Wed, 19 Dec 2018 14:03:15-INFO-basepage.py-find_element-[ line:107-通过{0}方式，查找元素{1}。
Wed, 19 Dec 2018 14:03:15-INFO-basepage.py-switch_iframe_byname-[ line:82-通过iframe的名字{0}查找iframe
Wed, 19 Dec 2018 14:03:18-INFO-basepage.py-wait_elementvisibility-[ line:33-等待元素可见：FirstName，开始等待时间：2018-12-19 14:03:18.380685，等待结束时间2018-12-19 14:03:18.475691，等待时间间隔：86399
Wed, 19 Dec 2018 14:03:18-INFO-basepage.py-send_keys_element-[ line:237-执行元素输入操作。
Wed, 19 Dec 2018 14:03:18-INFO-basepage.py-find_element-[ line:107-通过{0}方式，查找元素{1}。
Wed, 19 Dec 2018 14:03:18-INFO-basepage.py-wait_elementvisibility-[ line:33-等待元素可见：LastName，开始等待时间：2018-12-19 14:03:18.680703，等待结束时间2018-12-19 14:03:18.779708，等待时间间隔：86399
Wed, 19 Dec 2018 14:03:18-INFO-basepage.py-send_keys_element-[ line:237-执行元素输入操作。
Wed, 19 Dec 2018 14:03:18-INFO-basepage.py-find_element-[ line:107-通过{0}方式，查找元素{1}。
Wed, 19 Dec 2018 14:03:19-INFO-basepage.py-wait_elementvisibility-[ line:33-等待元素可见：FormerName，开始等待时间：2018-12-19 14:03:18.956718，等待结束时间2018-12-19 14:03:19.064724，等待时间间隔：86399
Wed, 19 Dec 2018 14:03:19-INFO-basepage.py-send_keys_element-[ line:237-执行元素输入操作。
Wed, 19 Dec 2018 14:03:19-INFO-basepage.py-find_element-[ line:107-通过{0}方式，查找元素{1}。
Wed, 19 Dec 2018 14:03:19-INFO-basepage.py-wait_elementvisibility-[ line:33-等待元素可见：ddlGender，开始等待时间：2018-12-19 14:03:19.282737，等待结束时间2018-12-19 14:03:19.390743，等待时间间隔：86399
Wed, 19 Dec 2018 14:03:19-INFO-basepage.py-select_element-[ line:255-下拉选择元素操作。
Wed, 19 Dec 2018 14:03:19-INFO-basepage.py-find_element-[ line:107-通过{0}方式，查找元素{1}。
Wed, 19 Dec 2018 14:03:19-INFO-basepage.py-wait_elementvisibility-[ line:33-等待元素可见：EngFamilyName，开始等待时间：2018-12-19 14:03:19.651758，等待结束时间2018-12-19 14:03:19.855770，等待时间间隔：86399
Wed, 19 Dec 2018 14:03:19-INFO-basepage.py-send_keys_element-[ line:237-执行元素输入操作。
Wed, 19 Dec 2018 14:03:19-INFO-basepage.py-find_element-[ line:107-通过{0}方式，查找元素{1}。
Wed, 19 Dec 2018 14:03:20-INFO-basepage.py-wait_elementvisibility-[ line:33-等待元素可见：EngFirstName，开始等待时间：2018-12-19 14:03:20.167788，等待结束时间2018-12-19 14:03:20.266793，等待时间间隔：86399
Wed, 19 Dec 2018 14:03:20-INFO-basepage.py-send_keys_element-[ line:237-执行元素输入操作。
Wed, 19 Dec 2018 14:03:20-INFO-basepage.py-find_element-[ line:107-通过{0}方式，查找元素{1}。
Wed, 19 Dec 2018 14:03:20-INFO-basepage.py-wait_elementvisibility-[ line:33-等待元素可见：Birth，开始等待时间：2018-12-19 14:03:20.467805，等待结束时间2018-12-19 14:03:20.575811，等待时间间隔：86399
Wed, 19 Dec 2018 14:03:20-INFO-basepage.py-remove_attribute-[ line:156-移除元素属性操作
Wed, 19 Dec 2018 14:03:20-INFO-basepage.py-send_keys_element-[ line:237-执行元素输入操作。
Wed, 19 Dec 2018 14:03:20-INFO-basepage.py-find_element-[ line:107-通过{0}方式，查找元素{1}。
Wed, 19 Dec 2018 14:03:21-INFO-basepage.py-wait_elementvisibility-[ line:33-等待元素可见：ddlCountryCode，开始等待时间：2018-12-19 14:03:20.937832，等待结束时间2018-12-19 14:03:21.032837，等待时间间隔：86399
Wed, 19 Dec 2018 14:03:21-INFO-basepage.py-select_element-[ line:255-下拉选择元素操作。
Wed, 19 Dec 2018 14:03:21-INFO-basepage.py-find_element-[ line:107-通过{0}方式，查找元素{1}。
Wed, 19 Dec 2018 14:03:21-INFO-basepage.py-wait_elementvisibility-[ line:33-等待元素可见：ddlNationality，开始等待时间：2018-12-19 14:03:21.185846，等待结束时间2018-12-19 14:03:21.275851，等待时间间隔：86399
Wed, 19 Dec 2018 14:03:21-INFO-basepage.py-select_element-[ line:255-下拉选择元素操作。
Wed, 19 Dec 2018 14:03:21-INFO-basepage.py-find_element-[ line:107-通过{0}方式，查找元素{1}。
Wed, 19 Dec 2018 14:03:21-INFO-basepage.py-wait_elementvisibility-[ line:33-等待元素可见：ddlPoliticalStatus，开始等待时间：2018-12-19 14:03:21.421859，等待结束时间2018-12-19 14:03:21.519865，等待时间间隔：86399
Wed, 19 Dec 2018 14:03:21-INFO-basepage.py-select_element-[ line:255-下拉选择元素操作。
Wed, 19 Dec 2018 14:03:21-INFO-basepage.py-find_element-[ line:107-通过{0}方式，查找元素{1}。
Wed, 19 Dec 2018 14:03:21-INFO-basepage.py-wait_elementvisibility-[ line:33-等待元素可见：NativePlace，开始等待时间：2018-12-19 14:03:21.792881，等待结束时间2018-12-19 14:03:21.897887，等待时间间隔：86399
Wed, 19 Dec 2018 14:03:21-INFO-basepage.py-send_keys_element-[ line:237-执行元素输入操作。
Wed, 19 Dec 2018 14:03:21-INFO-basepage.py-find_element-[ line:107-通过{0}方式，查找元素{1}。
Wed, 19 Dec 2018 14:03:22-INFO-basepage.py-wait_elementvisibility-[ line:33-等待元素可见：ddlCardType，开始等待时间：2018-12-19 14:03:22.237906，等待结束时间2018-12-19 14:03:22.327911，等待时间间隔：86399
Wed, 19 Dec 2018 14:03:22-INFO-basepage.py-send_keys_element-[ line:237-执行元素输入操作。
Wed, 19 Dec 2018 14:03:22-INFO-basepage.py-find_element-[ line:107-通过{0}方式，查找元素{1}。
Wed, 19 Dec 2018 14:03:22-INFO-basepage.py-wait_elementvisibility-[ line:33-等待元素可见：CardNo，开始等待时间：2018-12-19 14:03:22.469919，等待结束时间2018-12-19 14:03:22.581926，等待时间间隔：86399
Wed, 19 Dec 2018 14:03:22-INFO-basepage.py-send_keys_element-[ line:237-执行元素输入操作。
Wed, 19 Dec 2018 14:03:22-INFO-basepage.py-find_element-[ line:107-通过{0}方式，查找元素{1}。
Wed, 19 Dec 2018 14:03:23-INFO-basepage.py-wait_elementvisibility-[ line:33-等待元素可见：VisaEffectiveDate，开始等待时间：2018-12-19 14:03:23.180960，等待结束时间2018-12-19 14:03:23.266965，等待时间间隔：86399
Wed, 19 Dec 2018 14:03:23-INFO-basepage.py-remove_attribute-[ line:156-移除元素属性操作
Wed, 19 Dec 2018 14:03:23-INFO-basepage.py-send_keys_element-[ line:237-执行元素输入操作。
Wed, 19 Dec 2018 14:03:23-INFO-basepage.py-find_element-[ line:107-通过{0}方式，查找元素{1}。
Wed, 19 Dec 2018 14:03:23-INFO-basepage.py-wait_elementvisibility-[ line:33-等待元素可见：ddlMarriage，开始等待时间：2018-12-19 14:03:23.650987，等待结束时间2018-12-19 14:03:23.756993，等待时间间隔：86399
Wed, 19 Dec 2018 14:03:23-INFO-basepage.py-select_element-[ line:255-下拉选择元素操作。
Wed, 19 Dec 2018 14:03:23-INFO-basepage.py-find_element-[ line:107-通过{0}方式，查找元素{1}。
Wed, 19 Dec 2018 14:03:24-INFO-basepage.py-wait_elementvisibility-[ line:33-等待元素可见：ddlNativeLanguage，开始等待时间：2018-12-19 14:03:24.000007，等待结束时间2018-12-19 14:03:24.131014，等待时间间隔：86399
Wed, 19 Dec 2018 14:03:24-INFO-basepage.py-select_element-[ line:255-下拉选择元素操作。
Wed, 19 Dec 2018 14:03:24-INFO-basepage.py-find_element-[ line:107-通过{0}方式，查找元素{1}。
Wed, 19 Dec 2018 14:03:24-INFO-basepage.py-wait_elementvisibility-[ line:33-等待元素可见：ddlMainDarin，开始等待时间：2018-12-19 14:03:24.432031，等待结束时间2018-12-19 14:03:24.533037，等待时间间隔：86399
Wed, 19 Dec 2018 14:03:24-INFO-basepage.py-select_element-[ line:255-下拉选择元素操作。
Wed, 19 Dec 2018 14:03:24-INFO-basepage.py-find_element-[ line:107-通过{0}方式，查找元素{1}。
Wed, 19 Dec 2018 14:03:24-INFO-basepage.py-wait_elementvisibility-[ line:33-等待元素可见：SchoolRollNumber，开始等待时间：2018-12-19 14:03:24.685046，等待结束时间2018-12-19 14:03:24.785052，等待时间间隔：86399
Wed, 19 Dec 2018 14:03:24-INFO-basepage.py-send_keys_element-[ line:237-执行元素输入操作。
Wed, 19 Dec 2018 14:03:24-INFO-basepage.py-find_element-[ line:107-通过{0}方式，查找元素{1}。
Wed, 19 Dec 2018 14:03:25-INFO-basepage.py-wait_elementvisibility-[ line:33-等待元素可见：ddlDepartment，开始等待时间：2018-12-19 14:03:25.177074，等待结束时间2018-12-19 14:03:25.271079，等待时间间隔：86399
Wed, 19 Dec 2018 14:03:25-INFO-basepage.py-select_element-[ line:255-下拉选择元素操作。
Wed, 19 Dec 2018 14:03:25-INFO-basepage.py-find_element-[ line:107-通过{0}方式，查找元素{1}。
Wed, 19 Dec 2018 14:03:25-INFO-basepage.py-wait_elementvisibility-[ line:33-等待元素可见：ddlGrade，开始等待时间：2018-12-19 14:03:25.513093，等待结束时间2018-12-19 14:03:25.646101，等待时间间隔：86399
Wed, 19 Dec 2018 14:03:25-INFO-basepage.py-select_element-[ line:255-下拉选择元素操作。
Wed, 19 Dec 2018 14:03:25-INFO-basepage.py-find_element-[ line:107-通过{0}方式，查找元素{1}。
Wed, 19 Dec 2018 14:03:25-INFO-basepage.py-wait_elementvisibility-[ line:33-等待元素可见：ddlTrainLevel，开始等待时间：2018-12-19 14:03:25.895115，等待结束时间2018-12-19 14:03:25.992121，等待时间间隔：86399
Wed, 19 Dec 2018 14:03:25-INFO-basepage.py-select_element-[ line:255-下拉选择元素操作。
Wed, 19 Dec 2018 14:03:25-INFO-basepage.py-find_element-[ line:107-通过{0}方式，查找元素{1}。
Wed, 19 Dec 2018 14:03:26-INFO-basepage.py-wait_elementvisibility-[ line:33-等待元素可见：SchoolSystem，开始等待时间：2018-12-19 14:03:26.254136，等待结束时间2018-12-19 14:03:26.344141，等待时间间隔：86399
Wed, 19 Dec 2018 14:03:26-INFO-basepage.py-remove_attribute-[ line:156-移除元素属性操作
Wed, 19 Dec 2018 14:03:26-INFO-basepage.py-send_keys_element-[ line:237-执行元素输入操作。
Wed, 19 Dec 2018 14:03:26-INFO-basepage.py-find_element-[ line:107-通过{0}方式，查找元素{1}。
Wed, 19 Dec 2018 14:03:26-INFO-basepage.py-wait_elementvisibility-[ line:33-等待元素可见：ddlProgram，开始等待时间：2018-12-19 14:03:26.568154，等待结束时间2018-12-19 14:03:26.672160，等待时间间隔：86399
Wed, 19 Dec 2018 14:03:26-INFO-basepage.py-select_element-[ line:255-下拉选择元素操作。
Wed, 19 Dec 2018 14:03:26-INFO-basepage.py-find_element-[ line:107-通过{0}方式，查找元素{1}。
Wed, 19 Dec 2018 14:03:27-INFO-basepage.py-wait_elementvisibility-[ line:33-等待元素可见：ddlStudentType，开始等待时间：2018-12-19 14:03:26.929174，等待结束时间2018-12-19 14:03:27.032180，等待时间间隔：86399
Wed, 19 Dec 2018 14:03:27-INFO-basepage.py-select_element-[ line:255-下拉选择元素操作。
Wed, 19 Dec 2018 14:03:27-INFO-basepage.py-find_element-[ line:107-通过{0}方式，查找元素{1}。
Wed, 19 Dec 2018 14:03:27-INFO-basepage.py-wait_elementvisibility-[ line:33-等待元素可见：ddlStudentType，开始等待时间：2018-12-19 14:03:27.282194，等待结束时间2018-12-19 14:03:27.364199，等待时间间隔：86399
Wed, 19 Dec 2018 14:03:27-INFO-basepage.py-select_element-[ line:255-下拉选择元素操作。
Wed, 19 Dec 2018 14:03:27-INFO-basepage.py-find_element-[ line:107-通过{0}方式，查找元素{1}。
Wed, 19 Dec 2018 14:03:27-INFO-basepage.py-wait_elementvisibility-[ line:33-等待元素可见：ddlDistributary，开始等待时间：2018-12-19 14:03:27.596212，等待结束时间2018-12-19 14:03:27.689218，等待时间间隔：86399
Wed, 19 Dec 2018 14:03:27-INFO-basepage.py-select_element-[ line:255-下拉选择元素操作。
Wed, 19 Dec 2018 14:03:27-INFO-basepage.py-find_element-[ line:107-通过{0}方式，查找元素{1}。
Wed, 19 Dec 2018 14:03:27-INFO-basepage.py-wait_elementvisibility-[ line:33-等待元素可见：ddlEnterGrade，开始等待时间：2018-12-19 14:03:27.870228，等待结束时间2018-12-19 14:03:27.964234，等待时间间隔：86399
Wed, 19 Dec 2018 14:03:27-INFO-basepage.py-select_element-[ line:255-下拉选择元素操作。
Wed, 19 Dec 2018 14:03:27-INFO-basepage.py-find_element-[ line:107-通过{0}方式，查找元素{1}。
Wed, 19 Dec 2018 14:03:28-INFO-basepage.py-wait_elementvisibility-[ line:33-等待元素可见：EnterDate，开始等待时间：2018-12-19 14:03:28.194247，等待结束时间2018-12-19 14:03:28.295252，等待时间间隔：86399
Wed, 19 Dec 2018 14:03:28-INFO-basepage.py-remove_attribute-[ line:156-移除元素属性操作
Wed, 19 Dec 2018 14:03:28-INFO-basepage.py-clear_input-[ line:176-清除文本框内容操作。
Wed, 19 Dec 2018 14:03:28-INFO-basepage.py-find_element-[ line:107-通过{0}方式，查找元素{1}。
Wed, 19 Dec 2018 14:03:28-INFO-basepage.py-send_keys_element-[ line:237-执行元素输入操作。
Wed, 19 Dec 2018 14:03:28-INFO-basepage.py-find_element-[ line:107-通过{0}方式，查找元素{1}。
Wed, 19 Dec 2018 14:03:28-INFO-basepage.py-wait_elementvisibility-[ line:33-等待元素可见：EndDate，开始等待时间：2018-12-19 14:03:28.759279，等待结束时间2018-12-19 14:03:28.849284，等待时间间隔：86399
Wed, 19 Dec 2018 14:03:28-INFO-basepage.py-remove_attribute-[ line:156-移除元素属性操作
Wed, 19 Dec 2018 14:03:28-INFO-basepage.py-clear_input-[ line:176-清除文本框内容操作。
Wed, 19 Dec 2018 14:03:28-INFO-basepage.py-find_element-[ line:107-通过{0}方式，查找元素{1}。
Wed, 19 Dec 2018 14:03:28-INFO-basepage.py-send_keys_element-[ line:237-执行元素输入操作。
Wed, 19 Dec 2018 14:03:28-INFO-basepage.py-find_element-[ line:107-通过{0}方式，查找元素{1}。
Wed, 19 Dec 2018 14:03:29-INFO-basepage.py-wait_elementvisibility-[ line:33-等待元素可见：txtStudentExamCode，开始等待时间：2018-12-19 14:03:29.325311，等待结束时间2018-12-19 14:03:29.421317，等待时间间隔：86399
Wed, 19 Dec 2018 14:03:29-INFO-basepage.py-send_keys_element-[ line:237-执行元素输入操作。
Wed, 19 Dec 2018 14:03:29-INFO-basepage.py-find_element-[ line:107-通过{0}方式，查找元素{1}。
Wed, 19 Dec 2018 14:03:29-INFO-basepage.py-wait_elementvisibility-[ line:33-等待元素可见：ddlStudentSourseType，开始等待时间：2018-12-19 14:03:29.835341，等待结束时间2018-12-19 14:03:29.931346，等待时间间隔：86399
Wed, 19 Dec 2018 14:03:29-INFO-basepage.py-select_element-[ line:255-下拉选择元素操作。
Wed, 19 Dec 2018 14:03:29-INFO-basepage.py-find_element-[ line:107-通过{0}方式，查找元素{1}。
Wed, 19 Dec 2018 14:03:30-INFO-basepage.py-wait_elementvisibility-[ line:33-等待元素可见：ddlSourceArea，开始等待时间：2018-12-19 14:03:30.086355，等待结束时间2018-12-19 14:03:30.181360，等待时间间隔：86399
Wed, 19 Dec 2018 14:03:30-INFO-basepage.py-select_element-[ line:255-下拉选择元素操作。
Wed, 19 Dec 2018 14:03:30-INFO-basepage.py-find_element-[ line:107-通过{0}方式，查找元素{1}。
Wed, 19 Dec 2018 14:03:30-INFO-basepage.py-wait_elementvisibility-[ line:33-等待元素可见：//input[@value='暂存']，开始等待时间：2018-12-19 14:03:30.330369，等待结束时间2018-12-19 14:03:30.434375，等待时间间隔：86399
Wed, 19 Dec 2018 14:03:30-INFO-basepage.py-click_element-[ line:138-执行元素点击操作。
Wed, 19 Dec 2018 14:03:30-INFO-basepage.py-find_element-[ line:107-通过{0}方式，查找元素{1}。
Wed, 19 Dec 2018 14:03:31-INFO-basepage.py-wait_elementvisibility-[ line:33-等待元素可见：//span[text()='确定']，开始等待时间：2018-12-19 14:03:30.817397，等待结束时间2018-12-19 14:03:31.533438，等待时间间隔：86399
Wed, 19 Dec 2018 14:03:31-INFO-basepage.py-click_element-[ line:138-执行元素点击操作。
Wed, 19 Dec 2018 14:03:31-INFO-basepage.py-find_element-[ line:107-通过{0}方式，查找元素{1}。
Wed, 19 Dec 2018 14:03:34-INFO-basepage.py-wait_elementvisibility-[ line:33-等待元素可见：//table[@class='TableCss']，开始等待时间：2018-12-19 14:03:34.901630，等待结束时间2018-12-19 14:03:34.990635，等待时间间隔：86399
Wed, 19 Dec 2018 14:03:34-INFO-basepage.py-get_table-[ line:200-获取表格数据操作。
Wed, 19 Dec 2018 14:03:35-INFO-basepage.py-wait_elementvisibility-[ line:33-等待元素可见：//table[@class='TableCss']，开始等待时间：2018-12-19 14:03:34.991635，等待结束时间2018-12-19 14:03:35.071640，等待时间间隔：86399
Wed, 19 Dec 2018 14:03:35-INFO-basepage.py-get_table-[ line:200-获取表格数据操作。
Wed, 19 Dec 2018 14:03:35-INFO-basepage.py-wait_elementvisibility-[ line:33-等待元素可见：//table[@class='TableCss']，开始等待时间：2018-12-19 14:03:35.363657，等待结束时间2018-12-19 14:03:35.448662，等待时间间隔：86399
Wed, 19 Dec 2018 14:03:35-INFO-conftest.py-login_driver-[ line:24-=====用例后置：关闭浏览器会话,清理环境=======
