Thu, 20 Dec 2018 17:39:58-INFO-conftest.py-login_driver-[ line:15-=====用例前置：初始化浏览器会话，登陆教务管理系统=======
Thu, 20 Dec 2018 17:40:16-INFO-basepage.py-wait_elementvisibility-[ line:33-等待元素可见：txtUserName，开始等待时间：2018-12-20 17:40:16.385924，等待结束时间2018-12-20 17:40:16.500930，等待时间间隔：86399
Thu, 20 Dec 2018 17:40:16-INFO-basepage.py-send_keys_element-[ line:262-执行元素输入操作。
Thu, 20 Dec 2018 17:40:16-INFO-basepage.py-find_element-[ line:107-通过{0}方式，查找元素{1}。
Thu, 20 Dec 2018 17:40:16-INFO-basepage.py-send_keys_element-[ line:262-执行元素输入操作。
Thu, 20 Dec 2018 17:40:16-INFO-basepage.py-find_element-[ line:107-通过{0}方式，查找元素{1}。
Thu, 20 Dec 2018 17:40:17-INFO-basepage.py-click_element-[ line:138-执行元素点击操作。
Thu, 20 Dec 2018 17:40:17-INFO-basepage.py-find_element-[ line:107-通过{0}方式，查找元素{1}。
Thu, 20 Dec 2018 17:40:19-INFO-basepage.py-wait_elementvisibility-[ line:33-等待元素可见：.logo-mini>img，开始等待时间：2018-12-20 17:40:18.278032，等待结束时间2018-12-20 17:40:19.144082，等待时间间隔：86399
Thu, 20 Dec 2018 17:40:19-INFO-basepage.py-click_element-[ line:138-执行元素点击操作。
Thu, 20 Dec 2018 17:40:19-INFO-basepage.py-find_element-[ line:107-通过{0}方式，查找元素{1}。
Thu, 20 Dec 2018 17:40:19-INFO-basepage.py-wait_elementvisibility-[ line:33-等待元素可见：#vuewrap>aside>div>section>ul>li:nth-child(9)>a，开始等待时间：2018-12-20 17:40:19.427098，等待结束时间2018-12-20 17:40:19.773118，等待时间间隔：86399
Thu, 20 Dec 2018 17:40:19-INFO-basepage.py-click_element-[ line:138-执行元素点击操作。
Thu, 20 Dec 2018 17:40:19-INFO-basepage.py-find_element-[ line:107-通过{0}方式，查找元素{1}。
Thu, 20 Dec 2018 17:40:20-INFO-basepage.py-wait_elementvisibility-[ line:33-等待元素可见：div.listwrap>div:nth-child(1)>ul>li:nth-child(1)>a，开始等待时间：2018-12-20 17:40:20.070135，等待结束时间2018-12-20 17:40:20.234144，等待时间间隔：86399
Thu, 20 Dec 2018 17:40:20-INFO-basepage.py-click_element-[ line:138-执行元素点击操作。
Thu, 20 Dec 2018 17:40:20-INFO-basepage.py-find_element-[ line:107-通过{0}方式，查找元素{1}。
Thu, 20 Dec 2018 17:40:20-INFO-basepage.py-switch_iframe_byname-[ line:82-通过iframe的名字{0}查找iframe
Thu, 20 Dec 2018 17:40:21-INFO-basepage.py-wait_elementvisibility-[ line:33-等待元素可见：dlstSemester，开始等待时间：2018-12-20 17:40:20.530161，等待结束时间2018-12-20 17:40:21.173198，等待时间间隔：86399
Thu, 20 Dec 2018 17:40:21-INFO-basepage.py-select_element-[ line:280-下拉选择元素操作。
Thu, 20 Dec 2018 17:40:21-INFO-basepage.py-find_element-[ line:107-通过{0}方式，查找元素{1}。
Thu, 20 Dec 2018 17:40:21-INFO-basepage.py-wait_elementvisibility-[ line:33-等待元素可见：dllLearningSpace，开始等待时间：2018-12-20 17:40:21.419212，等待结束时间2018-12-20 17:40:21.509217，等待时间间隔：86399
Thu, 20 Dec 2018 17:40:21-INFO-basepage.py-select_element-[ line:280-下拉选择元素操作。
Thu, 20 Dec 2018 17:40:21-INFO-basepage.py-find_element-[ line:107-通过{0}方式，查找元素{1}。
Thu, 20 Dec 2018 17:40:21-INFO-basepage.py-wait_elementvisibility-[ line:33-等待元素可见：//input[@type='checkbox']，开始等待时间：2018-12-20 17:40:21.775232，等待结束时间2018-12-20 17:40:21.975244，等待时间间隔：86399
Thu, 20 Dec 2018 17:40:21-INFO-basepage.py-decide_element-[ line:154-判断复选框是否选中操作
Thu, 20 Dec 2018 17:40:21-INFO-basepage.py-find_elements-[ line:122-通过xpath方式查找符合的多个元素//input[@type='checkbox']
Thu, 20 Dec 2018 17:40:22-INFO-basepage.py-wait_elementvisibility-[ line:33-等待元素可见：btnNext，开始等待时间：2018-12-20 17:40:22.465272，等待结束时间2018-12-20 17:40:22.633281，等待时间间隔：86399
Thu, 20 Dec 2018 17:40:22-INFO-basepage.py-click_element-[ line:138-执行元素点击操作。
Thu, 20 Dec 2018 17:40:22-INFO-basepage.py-find_element-[ line:107-通过{0}方式，查找元素{1}。
Thu, 20 Dec 2018 17:40:23-INFO-conftest.py-login_driver-[ line:24-=====用例后置：关闭浏览器会话,清理环境=======
