Thu, 20 Dec 2018 17:25:13-INFO-conftest.py-login_driver-[ line:15-=====用例前置：初始化浏览器会话，登陆教务管理系统=======
Thu, 20 Dec 2018 17:25:29-INFO-basepage.py-wait_elementvisibility-[ line:33-等待元素可见：txtUserName，开始等待时间：2018-12-20 17:25:29.703209，等待结束时间2018-12-20 17:25:29.831216，等待时间间隔：86399
Thu, 20 Dec 2018 17:25:29-INFO-basepage.py-send_keys_element-[ line:256-执行元素输入操作。
Thu, 20 Dec 2018 17:25:29-INFO-basepage.py-find_element-[ line:107-通过{0}方式，查找元素{1}。
Thu, 20 Dec 2018 17:25:30-INFO-basepage.py-send_keys_element-[ line:256-执行元素输入操作。
Thu, 20 Dec 2018 17:25:30-INFO-basepage.py-find_element-[ line:107-通过{0}方式，查找元素{1}。
Thu, 20 Dec 2018 17:25:30-INFO-basepage.py-click_element-[ line:138-执行元素点击操作。
Thu, 20 Dec 2018 17:25:30-INFO-basepage.py-find_element-[ line:107-通过{0}方式，查找元素{1}。
Thu, 20 Dec 2018 17:25:33-INFO-basepage.py-wait_elementvisibility-[ line:33-等待元素可见：.logo-mini>img，开始等待时间：2018-12-20 17:25:31.567315，等待结束时间2018-12-20 17:25:33.275413，等待时间间隔：86398
Thu, 20 Dec 2018 17:25:33-INFO-basepage.py-click_element-[ line:138-执行元素点击操作。
Thu, 20 Dec 2018 17:25:33-INFO-basepage.py-find_element-[ line:107-通过{0}方式，查找元素{1}。
Thu, 20 Dec 2018 17:25:34-INFO-basepage.py-wait_elementvisibility-[ line:33-等待元素可见：#vuewrap>aside>div>section>ul>li:nth-child(9)>a，开始等待时间：2018-12-20 17:25:34.567487，等待结束时间2018-12-20 17:25:34.950509，等待时间间隔：86399
Thu, 20 Dec 2018 17:25:34-INFO-basepage.py-click_element-[ line:138-执行元素点击操作。
Thu, 20 Dec 2018 17:25:34-INFO-basepage.py-find_element-[ line:107-通过{0}方式，查找元素{1}。
Thu, 20 Dec 2018 17:25:35-INFO-basepage.py-wait_elementvisibility-[ line:33-等待元素可见：div.listwrap>div:nth-child(1)>ul>li:nth-child(1)>a，开始等待时间：2018-12-20 17:25:35.388534，等待结束时间2018-12-20 17:25:35.922564，等待时间间隔：86399
Thu, 20 Dec 2018 17:25:35-INFO-basepage.py-click_element-[ line:138-执行元素点击操作。
Thu, 20 Dec 2018 17:25:35-INFO-basepage.py-find_element-[ line:107-通过{0}方式，查找元素{1}。
Thu, 20 Dec 2018 17:25:36-INFO-basepage.py-switch_iframe_byname-[ line:82-通过iframe的名字{0}查找iframe
Thu, 20 Dec 2018 17:25:56-ERROR-basepage.py-wait_elementvisibility-[ line:35-等待元素可见异常。
Traceback (most recent call last):
  File "E:\EduWeb\MyEdu\common\basepage.py", line 30, in wait_elementvisibility
    WebDriverWait(self.driver,wait,requence).until(EC.visibility_of_element_located((by,locator)))
  File "C:\Python34\lib\site-packages\selenium\webdriver\support\wait.py", line 80, in until
    raise TimeoutException(message, screen, stacktrace)
selenium.common.exceptions.TimeoutException: Message: 

Thu, 20 Dec 2018 17:25:57-INFO-basepage.py-_screenshort-[ line:295-截图成功保存路径为E:\EduWeb\MyEdu\screenshot\教学任务_下拉选择学期-2018-12-20 17-25-56.png
Thu, 20 Dec 2018 17:25:57-INFO-conftest.py-login_driver-[ line:24-=====用例后置：关闭浏览器会话,清理环境=======
