Wed, 19 Dec 2018 13:58:16-INFO-conftest.py-login_driver-[ line:15-=====用例前置：初始化浏览器会话，登陆教务管理系统=======
Wed, 19 Dec 2018 13:58:26-INFO-basepage.py-wait_elementvisibility-[ line:33-等待元素可见：txtUserName，开始等待时间：2018-12-19 13:58:26.668000，等待结束时间2018-12-19 13:58:26.774006，等待时间间隔：86399
Wed, 19 Dec 2018 13:58:26-INFO-basepage.py-send_keys_element-[ line:237-执行元素输入操作。
Wed, 19 Dec 2018 13:58:26-INFO-basepage.py-find_element-[ line:107-通过{0}方式，查找元素{1}。
Wed, 19 Dec 2018 13:58:26-INFO-basepage.py-send_keys_element-[ line:237-执行元素输入操作。
Wed, 19 Dec 2018 13:58:26-INFO-basepage.py-find_element-[ line:107-通过{0}方式，查找元素{1}。
Wed, 19 Dec 2018 13:58:27-INFO-basepage.py-click_element-[ line:138-执行元素点击操作。
Wed, 19 Dec 2018 13:58:27-INFO-basepage.py-find_element-[ line:107-通过{0}方式，查找元素{1}。
Wed, 19 Dec 2018 13:58:29-INFO-basepage.py-wait_elementvisibility-[ line:33-等待元素可见：.logo-mini>img，开始等待时间：2018-12-19 13:58:28.407100，等待结束时间2018-12-19 13:58:29.246148，等待时间间隔：86399
Wed, 19 Dec 2018 13:58:29-INFO-basepage.py-click_element-[ line:138-执行元素点击操作。
Wed, 19 Dec 2018 13:58:29-INFO-basepage.py-find_element-[ line:107-通过{0}方式，查找元素{1}。
Wed, 19 Dec 2018 13:58:29-INFO-basepage.py-wait_elementvisibility-[ line:33-等待元素可见：#vuewrap>aside>div>section>ul>li:nth-child(1)>a，开始等待时间：2018-12-19 13:58:29.442159，等待结束时间2018-12-19 13:58:29.727175，等待时间间隔：86399
Wed, 19 Dec 2018 13:58:29-INFO-basepage.py-click_element-[ line:138-执行元素点击操作。
Wed, 19 Dec 2018 13:58:29-INFO-basepage.py-find_element-[ line:107-通过{0}方式，查找元素{1}。
Wed, 19 Dec 2018 13:58:30-INFO-basepage.py-wait_elementvisibility-[ line:33-等待元素可见：div.listwrap>div:nth-child(1)>ul>li:nth-child(1)>a，开始等待时间：2018-12-19 13:58:30.129198，等待结束时间2018-12-19 13:58:30.260206，等待时间间隔：86399
Wed, 19 Dec 2018 13:58:30-INFO-basepage.py-click_element-[ line:138-执行元素点击操作。
Wed, 19 Dec 2018 13:58:30-INFO-basepage.py-find_element-[ line:107-通过{0}方式，查找元素{1}。
Wed, 19 Dec 2018 13:58:30-INFO-basepage.py-switch_iframe_byname-[ line:82-通过iframe的名字{0}查找iframe
Wed, 19 Dec 2018 13:58:33-INFO-basepage.py-wait_elementvisibility-[ line:33-等待元素可见：FirstName，开始等待时间：2018-12-19 13:58:33.566395，等待结束时间2018-12-19 13:58:33.670401，等待时间间隔：86399
Wed, 19 Dec 2018 13:58:33-INFO-basepage.py-send_keys_element-[ line:237-执行元素输入操作。
Wed, 19 Dec 2018 13:58:33-INFO-basepage.py-find_element-[ line:107-通过{0}方式，查找元素{1}。
Wed, 19 Dec 2018 13:58:34-INFO-basepage.py-wait_elementvisibility-[ line:33-等待元素可见：LastName，开始等待时间：2018-12-19 13:58:33.898414，等待结束时间2018-12-19 13:58:34.005420，等待时间间隔：86399
Wed, 19 Dec 2018 13:58:34-INFO-basepage.py-send_keys_element-[ line:237-执行元素输入操作。
Wed, 19 Dec 2018 13:58:34-INFO-basepage.py-find_element-[ line:107-通过{0}方式，查找元素{1}。
Wed, 19 Dec 2018 13:58:34-INFO-basepage.py-wait_elementvisibility-[ line:33-等待元素可见：FormerName，开始等待时间：2018-12-19 13:58:34.232433，等待结束时间2018-12-19 13:58:34.343439，等待时间间隔：86399
Wed, 19 Dec 2018 13:58:34-INFO-basepage.py-send_keys_element-[ line:237-执行元素输入操作。
Wed, 19 Dec 2018 13:58:34-INFO-basepage.py-find_element-[ line:107-通过{0}方式，查找元素{1}。
Wed, 19 Dec 2018 13:58:34-INFO-basepage.py-wait_elementvisibility-[ line:33-等待元素可见：ddlGender，开始等待时间：2018-12-19 13:58:34.633456，等待结束时间2018-12-19 13:58:34.764463，等待时间间隔：86399
Wed, 19 Dec 2018 13:58:34-INFO-basepage.py-select_element-[ line:255-下拉选择元素操作。
Wed, 19 Dec 2018 13:58:34-INFO-basepage.py-find_element-[ line:107-通过{0}方式，查找元素{1}。
Wed, 19 Dec 2018 13:58:35-INFO-basepage.py-wait_elementvisibility-[ line:33-等待元素可见：EngFamilyName，开始等待时间：2018-12-19 13:58:35.104483，等待结束时间2018-12-19 13:58:35.269492，等待时间间隔：86399
Wed, 19 Dec 2018 13:58:35-INFO-basepage.py-send_keys_element-[ line:237-执行元素输入操作。
Wed, 19 Dec 2018 13:58:35-INFO-basepage.py-find_element-[ line:107-通过{0}方式，查找元素{1}。
Wed, 19 Dec 2018 13:58:35-INFO-basepage.py-wait_elementvisibility-[ line:33-等待元素可见：EngFirstName，开始等待时间：2018-12-19 13:58:35.591511，等待结束时间2018-12-19 13:58:35.708517，等待时间间隔：86399
Wed, 19 Dec 2018 13:58:35-INFO-basepage.py-send_keys_element-[ line:237-执行元素输入操作。
Wed, 19 Dec 2018 13:58:35-INFO-basepage.py-find_element-[ line:107-通过{0}方式，查找元素{1}。
Wed, 19 Dec 2018 13:58:36-INFO-basepage.py-wait_elementvisibility-[ line:33-等待元素可见：Birth，开始等待时间：2018-12-19 13:58:36.182545，等待结束时间2018-12-19 13:58:36.314552，等待时间间隔：86399
Wed, 19 Dec 2018 13:58:36-INFO-basepage.py-remove_attribute-[ line:156-移除元素属性操作
Wed, 19 Dec 2018 13:58:36-INFO-basepage.py-send_keys_element-[ line:237-执行元素输入操作。
Wed, 19 Dec 2018 13:58:36-INFO-basepage.py-find_element-[ line:107-通过{0}方式，查找元素{1}。
Wed, 19 Dec 2018 13:58:36-INFO-basepage.py-wait_elementvisibility-[ line:33-等待元素可见：ddlCountryCode，开始等待时间：2018-12-19 13:58:36.880584，等待结束时间2018-12-19 13:58:36.981590，等待时间间隔：86399
Wed, 19 Dec 2018 13:58:36-INFO-basepage.py-select_element-[ line:255-下拉选择元素操作。
Wed, 19 Dec 2018 13:58:36-INFO-basepage.py-find_element-[ line:107-通过{0}方式，查找元素{1}。
Wed, 19 Dec 2018 13:58:37-INFO-basepage.py-wait_elementvisibility-[ line:33-等待元素可见：ddlNationality，开始等待时间：2018-12-19 13:58:37.167601，等待结束时间2018-12-19 13:58:37.308609，等待时间间隔：86399
Wed, 19 Dec 2018 13:58:37-INFO-basepage.py-select_element-[ line:255-下拉选择元素操作。
Wed, 19 Dec 2018 13:58:37-INFO-basepage.py-find_element-[ line:107-通过{0}方式，查找元素{1}。
Wed, 19 Dec 2018 13:58:37-INFO-basepage.py-wait_elementvisibility-[ line:33-等待元素可见：ddlPoliticalStatus，开始等待时间：2018-12-19 13:58:37.505620，等待结束时间2018-12-19 13:58:37.679630，等待时间间隔：86399
Wed, 19 Dec 2018 13:58:37-INFO-basepage.py-select_element-[ line:255-下拉选择元素操作。
Wed, 19 Dec 2018 13:58:37-INFO-basepage.py-find_element-[ line:107-通过{0}方式，查找元素{1}。
Wed, 19 Dec 2018 13:58:38-INFO-basepage.py-wait_elementvisibility-[ line:33-等待元素可见：NativePlace，开始等待时间：2018-12-19 13:58:38.014649，等待结束时间2018-12-19 13:58:38.211661，等待时间间隔：86399
Wed, 19 Dec 2018 13:58:38-INFO-basepage.py-send_keys_element-[ line:237-执行元素输入操作。
Wed, 19 Dec 2018 13:58:38-INFO-basepage.py-find_element-[ line:107-通过{0}方式，查找元素{1}。
Wed, 19 Dec 2018 13:58:38-INFO-basepage.py-wait_elementvisibility-[ line:33-等待元素可见：ddlCardType，开始等待时间：2018-12-19 13:58:38.627684，等待结束时间2018-12-19 13:58:38.724690，等待时间间隔：86399
Wed, 19 Dec 2018 13:58:38-INFO-basepage.py-send_keys_element-[ line:237-执行元素输入操作。
Wed, 19 Dec 2018 13:58:38-INFO-basepage.py-find_element-[ line:107-通过{0}方式，查找元素{1}。
Wed, 19 Dec 2018 13:58:39-INFO-basepage.py-wait_elementvisibility-[ line:33-等待元素可见：CardNo，开始等待时间：2018-12-19 13:58:38.887699，等待结束时间2018-12-19 13:58:39.004706，等待时间间隔：86399
Wed, 19 Dec 2018 13:58:39-INFO-basepage.py-send_keys_element-[ line:237-执行元素输入操作。
Wed, 19 Dec 2018 13:58:39-INFO-basepage.py-find_element-[ line:107-通过{0}方式，查找元素{1}。
Wed, 19 Dec 2018 13:58:39-INFO-basepage.py-wait_elementvisibility-[ line:33-等待元素可见：VisaEffectiveDate，开始等待时间：2018-12-19 13:58:39.712746，等待结束时间2018-12-19 13:58:39.813752，等待时间间隔：86399
Wed, 19 Dec 2018 13:58:39-INFO-basepage.py-remove_attribute-[ line:156-移除元素属性操作
Wed, 19 Dec 2018 13:58:39-INFO-basepage.py-send_keys_element-[ line:237-执行元素输入操作。
Wed, 19 Dec 2018 13:58:39-INFO-basepage.py-find_element-[ line:107-通过{0}方式，查找元素{1}。
Wed, 19 Dec 2018 13:58:40-INFO-basepage.py-wait_elementvisibility-[ line:33-等待元素可见：ddlMarriage，开始等待时间：2018-12-19 13:58:40.325782，等待结束时间2018-12-19 13:58:40.427787，等待时间间隔：86399
Wed, 19 Dec 2018 13:58:40-INFO-basepage.py-select_element-[ line:255-下拉选择元素操作。
Wed, 19 Dec 2018 13:58:40-INFO-basepage.py-find_element-[ line:107-通过{0}方式，查找元素{1}。
Wed, 19 Dec 2018 13:58:40-INFO-basepage.py-wait_elementvisibility-[ line:33-等待元素可见：ddlNativeLanguage，开始等待时间：2018-12-19 13:58:40.727805，等待结束时间2018-12-19 13:58:40.886814，等待时间间隔：86399
Wed, 19 Dec 2018 13:58:40-INFO-basepage.py-select_element-[ line:255-下拉选择元素操作。
Wed, 19 Dec 2018 13:58:40-INFO-basepage.py-find_element-[ line:107-通过{0}方式，查找元素{1}。
Wed, 19 Dec 2018 13:58:41-INFO-basepage.py-wait_elementvisibility-[ line:33-等待元素可见：ddlMainDarin，开始等待时间：2018-12-19 13:58:41.127827，等待结束时间2018-12-19 13:58:41.227833，等待时间间隔：86399
Wed, 19 Dec 2018 13:58:41-INFO-basepage.py-select_element-[ line:255-下拉选择元素操作。
Wed, 19 Dec 2018 13:58:41-INFO-basepage.py-find_element-[ line:107-通过{0}方式，查找元素{1}。
Wed, 19 Dec 2018 13:58:41-INFO-basepage.py-wait_elementvisibility-[ line:33-等待元素可见：SchoolRollNumber，开始等待时间：2018-12-19 13:58:41.394843，等待结束时间2018-12-19 13:58:41.487848，等待时间间隔：86399
Wed, 19 Dec 2018 13:58:41-INFO-basepage.py-send_keys_element-[ line:237-执行元素输入操作。
Wed, 19 Dec 2018 13:58:41-INFO-basepage.py-find_element-[ line:107-通过{0}方式，查找元素{1}。
Wed, 19 Dec 2018 13:58:41-INFO-basepage.py-wait_elementvisibility-[ line:33-等待元素可见：ddlDepartment，开始等待时间：2018-12-19 13:58:41.895871，等待结束时间2018-12-19 13:58:41.993877，等待时间间隔：86399
Wed, 19 Dec 2018 13:58:41-INFO-basepage.py-select_element-[ line:255-下拉选择元素操作。
Wed, 19 Dec 2018 13:58:41-INFO-basepage.py-find_element-[ line:107-通过{0}方式，查找元素{1}。
Wed, 19 Dec 2018 13:58:42-INFO-basepage.py-wait_elementvisibility-[ line:33-等待元素可见：ddlGrade，开始等待时间：2018-12-19 13:58:42.259892，等待结束时间2018-12-19 13:58:42.394900，等待时间间隔：86399
Wed, 19 Dec 2018 13:58:42-INFO-basepage.py-select_element-[ line:255-下拉选择元素操作。
Wed, 19 Dec 2018 13:58:42-INFO-basepage.py-find_element-[ line:107-通过{0}方式，查找元素{1}。
Wed, 19 Dec 2018 13:58:42-INFO-basepage.py-wait_elementvisibility-[ line:33-等待元素可见：ddlTrainLevel，开始等待时间：2018-12-19 13:58:42.630913，等待结束时间2018-12-19 13:58:42.747920，等待时间间隔：86399
Wed, 19 Dec 2018 13:58:42-INFO-basepage.py-select_element-[ line:255-下拉选择元素操作。
Wed, 19 Dec 2018 13:58:42-INFO-basepage.py-find_element-[ line:107-通过{0}方式，查找元素{1}。
Wed, 19 Dec 2018 13:58:43-INFO-basepage.py-wait_elementvisibility-[ line:33-等待元素可见：SchoolSystem，开始等待时间：2018-12-19 13:58:42.983934，等待结束时间2018-12-19 13:58:43.080939，等待时间间隔：86399
Wed, 19 Dec 2018 13:58:43-INFO-basepage.py-remove_attribute-[ line:156-移除元素属性操作
Wed, 19 Dec 2018 13:58:43-INFO-basepage.py-send_keys_element-[ line:237-执行元素输入操作。
Wed, 19 Dec 2018 13:58:43-INFO-basepage.py-find_element-[ line:107-通过{0}方式，查找元素{1}。
Wed, 19 Dec 2018 13:58:43-INFO-basepage.py-wait_elementvisibility-[ line:33-等待元素可见：ddlProgram，开始等待时间：2018-12-19 13:58:43.283951，等待结束时间2018-12-19 13:58:43.388957，等待时间间隔：86399
Wed, 19 Dec 2018 13:58:43-INFO-basepage.py-select_element-[ line:255-下拉选择元素操作。
Wed, 19 Dec 2018 13:58:43-INFO-basepage.py-find_element-[ line:107-通过{0}方式，查找元素{1}。
Wed, 19 Dec 2018 13:58:43-INFO-basepage.py-wait_elementvisibility-[ line:33-等待元素可见：ddlStudentType，开始等待时间：2018-12-19 13:58:43.631971，等待结束时间2018-12-19 13:58:43.769979，等待时间间隔：86399
Wed, 19 Dec 2018 13:58:43-INFO-basepage.py-select_element-[ line:255-下拉选择元素操作。
Wed, 19 Dec 2018 13:58:43-INFO-basepage.py-find_element-[ line:107-通过{0}方式，查找元素{1}。
Wed, 19 Dec 2018 13:58:44-INFO-basepage.py-wait_elementvisibility-[ line:33-等待元素可见：ddlStudentType，开始等待时间：2018-12-19 13:58:44.032994，等待结束时间2018-12-19 13:58:44.112998，等待时间间隔：86399
Wed, 19 Dec 2018 13:58:44-INFO-basepage.py-select_element-[ line:255-下拉选择元素操作。
Wed, 19 Dec 2018 13:58:44-INFO-basepage.py-find_element-[ line:107-通过{0}方式，查找元素{1}。
Wed, 19 Dec 2018 13:58:44-INFO-basepage.py-wait_elementvisibility-[ line:33-等待元素可见：ddlDistributary，开始等待时间：2018-12-19 13:58:44.395014，等待结束时间2018-12-19 13:58:44.501020，等待时间间隔：86399
Wed, 19 Dec 2018 13:58:44-INFO-basepage.py-select_element-[ line:255-下拉选择元素操作。
Wed, 19 Dec 2018 13:58:44-INFO-basepage.py-find_element-[ line:107-通过{0}方式，查找元素{1}。
Wed, 19 Dec 2018 13:58:44-INFO-basepage.py-wait_elementvisibility-[ line:33-等待元素可见：ddlEnterGrade，开始等待时间：2018-12-19 13:58:44.656029，等待结束时间2018-12-19 13:58:44.749035，等待时间间隔：86399
Wed, 19 Dec 2018 13:58:44-INFO-basepage.py-select_element-[ line:255-下拉选择元素操作。
Wed, 19 Dec 2018 13:58:44-INFO-basepage.py-find_element-[ line:107-通过{0}方式，查找元素{1}。
Wed, 19 Dec 2018 13:58:45-INFO-basepage.py-wait_elementvisibility-[ line:33-等待元素可见：EnterDate，开始等待时间：2018-12-19 13:58:44.996049，等待结束时间2018-12-19 13:58:45.096054，等待时间间隔：86399
Wed, 19 Dec 2018 13:58:45-INFO-basepage.py-remove_attribute-[ line:156-移除元素属性操作
Wed, 19 Dec 2018 13:58:45-INFO-basepage.py-clear_input-[ line:176-清除文本框内容操作。
Wed, 19 Dec 2018 13:58:45-INFO-basepage.py-find_element-[ line:107-通过{0}方式，查找元素{1}。
Wed, 19 Dec 2018 13:58:45-INFO-basepage.py-send_keys_element-[ line:237-执行元素输入操作。
Wed, 19 Dec 2018 13:58:45-INFO-basepage.py-find_element-[ line:107-通过{0}方式，查找元素{1}。
Wed, 19 Dec 2018 13:58:45-INFO-basepage.py-wait_elementvisibility-[ line:33-等待元素可见：EndDate，开始等待时间：2018-12-19 13:58:45.784094，等待结束时间2018-12-19 13:58:45.890100，等待时间间隔：86399
Wed, 19 Dec 2018 13:58:45-INFO-basepage.py-remove_attribute-[ line:156-移除元素属性操作
Wed, 19 Dec 2018 13:58:45-INFO-basepage.py-clear_input-[ line:176-清除文本框内容操作。
Wed, 19 Dec 2018 13:58:45-INFO-basepage.py-find_element-[ line:107-通过{0}方式，查找元素{1}。
Wed, 19 Dec 2018 13:58:46-INFO-basepage.py-send_keys_element-[ line:237-执行元素输入操作。
Wed, 19 Dec 2018 13:58:46-INFO-basepage.py-find_element-[ line:107-通过{0}方式，查找元素{1}。
Wed, 19 Dec 2018 13:58:46-INFO-basepage.py-wait_elementvisibility-[ line:33-等待元素可见：txtStudentExamCode，开始等待时间：2018-12-19 13:58:46.606141，等待结束时间2018-12-19 13:58:46.703146，等待时间间隔：86399
Wed, 19 Dec 2018 13:58:46-INFO-basepage.py-send_keys_element-[ line:237-执行元素输入操作。
Wed, 19 Dec 2018 13:58:46-INFO-basepage.py-find_element-[ line:107-通过{0}方式，查找元素{1}。
Wed, 19 Dec 2018 13:58:47-INFO-basepage.py-wait_elementvisibility-[ line:33-等待元素可见：ddlStudentSourseType，开始等待时间：2018-12-19 13:58:47.171173，等待结束时间2018-12-19 13:58:47.262178，等待时间间隔：86399
Wed, 19 Dec 2018 13:58:47-INFO-basepage.py-select_element-[ line:255-下拉选择元素操作。
Wed, 19 Dec 2018 13:58:47-INFO-basepage.py-find_element-[ line:107-通过{0}方式，查找元素{1}。
Wed, 19 Dec 2018 13:58:47-INFO-basepage.py-wait_elementvisibility-[ line:33-等待元素可见：ddlSourceArea，开始等待时间：2018-12-19 13:58:47.414187，等待结束时间2018-12-19 13:58:47.505192，等待时间间隔：86399
Wed, 19 Dec 2018 13:58:47-INFO-basepage.py-select_element-[ line:255-下拉选择元素操作。
Wed, 19 Dec 2018 13:58:47-INFO-basepage.py-find_element-[ line:107-通过{0}方式，查找元素{1}。
Wed, 19 Dec 2018 13:58:47-INFO-basepage.py-wait_elementvisibility-[ line:33-等待元素可见：//input[@value='暂存']，开始等待时间：2018-12-19 13:58:47.653201，等待结束时间2018-12-19 13:58:47.756207，等待时间间隔：86399
Wed, 19 Dec 2018 13:58:47-INFO-basepage.py-click_element-[ line:138-执行元素点击操作。
Wed, 19 Dec 2018 13:58:47-INFO-basepage.py-find_element-[ line:107-通过{0}方式，查找元素{1}。
Wed, 19 Dec 2018 13:58:48-INFO-basepage.py-wait_elementvisibility-[ line:33-等待元素可见：//span[text()='确定']，开始等待时间：2018-12-19 13:58:48.181231，等待结束时间2018-12-19 13:58:48.910273，等待时间间隔：86399
Wed, 19 Dec 2018 13:58:48-INFO-basepage.py-click_element-[ line:138-执行元素点击操作。
Wed, 19 Dec 2018 13:58:48-INFO-basepage.py-find_element-[ line:107-通过{0}方式，查找元素{1}。
Wed, 19 Dec 2018 13:58:52-INFO-basepage.py-wait_elementvisibility-[ line:33-等待元素可见：//table[@class='TableCss']，开始等待时间：2018-12-19 13:58:52.228462，等待结束时间2018-12-19 13:58:52.319468，等待时间间隔：86399
Wed, 19 Dec 2018 13:58:52-INFO-basepage.py-get_table-[ line:200-获取表格数据操作。
Wed, 19 Dec 2018 13:58:52-INFO-basepage.py-wait_elementvisibility-[ line:33-等待元素可见：//table[@class='TableCss']，开始等待时间：2018-12-19 13:58:52.319468，等待结束时间2018-12-19 13:58:52.390472，等待时间间隔：86399
Wed, 19 Dec 2018 13:58:52-INFO-basepage.py-get_table-[ line:200-获取表格数据操作。
Wed, 19 Dec 2018 13:58:52-INFO-basepage.py-wait_elementvisibility-[ line:33-等待元素可见：//table[@class='TableCss']，开始等待时间：2018-12-19 13:58:52.588483，等待结束时间2018-12-19 13:58:52.660487，等待时间间隔：86399
Wed, 19 Dec 2018 13:58:52-INFO-conftest.py-login_driver-[ line:24-=====用例后置：关闭浏览器会话,清理环境=======
Wed, 19 Dec 2018 13:58:56-INFO-conftest.py-login_driver-[ line:15-=====用例前置：初始化浏览器会话，登陆教务管理系统=======
Wed, 19 Dec 2018 13:59:06-INFO-basepage.py-wait_elementvisibility-[ line:33-等待元素可见：txtUserName，开始等待时间：2018-12-19 13:59:06.715291，等待结束时间2018-12-19 13:59:06.836298，等待时间间隔：86399
Wed, 19 Dec 2018 13:59:06-INFO-basepage.py-send_keys_element-[ line:237-执行元素输入操作。
Wed, 19 Dec 2018 13:59:06-INFO-basepage.py-find_element-[ line:107-通过{0}方式，查找元素{1}。
Wed, 19 Dec 2018 13:59:07-INFO-basepage.py-send_keys_element-[ line:237-执行元素输入操作。
Wed, 19 Dec 2018 13:59:07-INFO-basepage.py-find_element-[ line:107-通过{0}方式，查找元素{1}。
Wed, 19 Dec 2018 13:59:07-INFO-basepage.py-click_element-[ line:138-执行元素点击操作。
Wed, 19 Dec 2018 13:59:07-INFO-basepage.py-find_element-[ line:107-通过{0}方式，查找元素{1}。
Wed, 19 Dec 2018 13:59:09-INFO-basepage.py-wait_elementvisibility-[ line:33-等待元素可见：.logo-mini>img，开始等待时间：2018-12-19 13:59:08.521394，等待结束时间2018-12-19 13:59:09.447447，等待时间间隔：86399
Wed, 19 Dec 2018 13:59:09-INFO-basepage.py-click_element-[ line:138-执行元素点击操作。
Wed, 19 Dec 2018 13:59:09-INFO-basepage.py-find_element-[ line:107-通过{0}方式，查找元素{1}。
Wed, 19 Dec 2018 13:59:10-INFO-basepage.py-wait_elementvisibility-[ line:33-等待元素可见：#vuewrap>aside>div>section>ul>li:nth-child(1)>a，开始等待时间：2018-12-19 13:59:09.692461，等待结束时间2018-12-19 13:59:10.040481，等待时间间隔：86399
Wed, 19 Dec 2018 13:59:10-INFO-basepage.py-click_element-[ line:138-执行元素点击操作。
Wed, 19 Dec 2018 13:59:10-INFO-basepage.py-find_element-[ line:107-通过{0}方式，查找元素{1}。
Wed, 19 Dec 2018 13:59:10-INFO-basepage.py-wait_elementvisibility-[ line:33-等待元素可见：div.listwrap>div:nth-child(1)>ul>li:nth-child(1)>a，开始等待时间：2018-12-19 13:59:10.440504，等待结束时间2018-12-19 13:59:10.546510，等待时间间隔：86399
Wed, 19 Dec 2018 13:59:10-INFO-basepage.py-click_element-[ line:138-执行元素点击操作。
Wed, 19 Dec 2018 13:59:10-INFO-basepage.py-find_element-[ line:107-通过{0}方式，查找元素{1}。
Wed, 19 Dec 2018 13:59:10-INFO-basepage.py-switch_iframe_byname-[ line:82-通过iframe的名字{0}查找iframe
Wed, 19 Dec 2018 13:59:13-INFO-basepage.py-wait_elementvisibility-[ line:33-等待元素可见：FirstName，开始等待时间：2018-12-19 13:59:13.818697，等待结束时间2018-12-19 13:59:13.942704，等待时间间隔：86399
Wed, 19 Dec 2018 13:59:13-INFO-basepage.py-send_keys_element-[ line:237-执行元素输入操作。
Wed, 19 Dec 2018 13:59:13-INFO-basepage.py-find_element-[ line:107-通过{0}方式，查找元素{1}。
Wed, 19 Dec 2018 13:59:14-INFO-basepage.py-wait_elementvisibility-[ line:33-等待元素可见：LastName，开始等待时间：2018-12-19 13:59:14.224720，等待结束时间2018-12-19 13:59:14.347727，等待时间间隔：86399
Wed, 19 Dec 2018 13:59:14-INFO-basepage.py-send_keys_element-[ line:237-执行元素输入操作。
Wed, 19 Dec 2018 13:59:14-INFO-basepage.py-find_element-[ line:107-通过{0}方式，查找元素{1}。
Wed, 19 Dec 2018 13:59:14-INFO-basepage.py-wait_elementvisibility-[ line:33-等待元素可见：FormerName，开始等待时间：2018-12-19 13:59:14.564740，等待结束时间2018-12-19 13:59:14.704748，等待时间间隔：86399
Wed, 19 Dec 2018 13:59:14-INFO-basepage.py-send_keys_element-[ line:237-执行元素输入操作。
Wed, 19 Dec 2018 13:59:14-INFO-basepage.py-find_element-[ line:107-通过{0}方式，查找元素{1}。
Wed, 19 Dec 2018 13:59:15-INFO-basepage.py-wait_elementvisibility-[ line:33-等待元素可见：ddlGender，开始等待时间：2018-12-19 13:59:15.022766，等待结束时间2018-12-19 13:59:15.356785，等待时间间隔：86399
Wed, 19 Dec 2018 13:59:15-INFO-basepage.py-select_element-[ line:255-下拉选择元素操作。
Wed, 19 Dec 2018 13:59:15-INFO-basepage.py-find_element-[ line:107-通过{0}方式，查找元素{1}。
Wed, 19 Dec 2018 13:59:15-INFO-basepage.py-wait_elementvisibility-[ line:33-等待元素可见：EngFamilyName，开始等待时间：2018-12-19 13:59:15.771809，等待结束时间2018-12-19 13:59:15.893816，等待时间间隔：86399
Wed, 19 Dec 2018 13:59:15-INFO-basepage.py-send_keys_element-[ line:237-执行元素输入操作。
Wed, 19 Dec 2018 13:59:15-INFO-basepage.py-find_element-[ line:107-通过{0}方式，查找元素{1}。
Wed, 19 Dec 2018 13:59:16-INFO-basepage.py-wait_elementvisibility-[ line:33-等待元素可见：EngFirstName，开始等待时间：2018-12-19 13:59:16.260837，等待结束时间2018-12-19 13:59:16.378844，等待时间间隔：86399
Wed, 19 Dec 2018 13:59:16-INFO-basepage.py-send_keys_element-[ line:237-执行元素输入操作。
Wed, 19 Dec 2018 13:59:16-INFO-basepage.py-find_element-[ line:107-通过{0}方式，查找元素{1}。
Wed, 19 Dec 2018 13:59:16-INFO-basepage.py-wait_elementvisibility-[ line:33-等待元素可见：Birth，开始等待时间：2018-12-19 13:59:16.642859，等待结束时间2018-12-19 13:59:16.772866，等待时间间隔：86399
Wed, 19 Dec 2018 13:59:16-INFO-basepage.py-remove_attribute-[ line:156-移除元素属性操作
Wed, 19 Dec 2018 13:59:16-INFO-basepage.py-send_keys_element-[ line:237-执行元素输入操作。
Wed, 19 Dec 2018 13:59:16-INFO-basepage.py-find_element-[ line:107-通过{0}方式，查找元素{1}。
Wed, 19 Dec 2018 13:59:17-INFO-basepage.py-wait_elementvisibility-[ line:33-等待元素可见：ddlCountryCode，开始等待时间：2018-12-19 13:59:17.261894，等待结束时间2018-12-19 13:59:17.363900，等待时间间隔：86399
Wed, 19 Dec 2018 13:59:17-INFO-basepage.py-select_element-[ line:255-下拉选择元素操作。
Wed, 19 Dec 2018 13:59:17-INFO-basepage.py-find_element-[ line:107-通过{0}方式，查找元素{1}。
Wed, 19 Dec 2018 13:59:17-INFO-basepage.py-wait_elementvisibility-[ line:33-等待元素可见：ddlNationality，开始等待时间：2018-12-19 13:59:17.515909，等待结束时间2018-12-19 13:59:17.610914，等待时间间隔：86399
Wed, 19 Dec 2018 13:59:17-INFO-basepage.py-select_element-[ line:255-下拉选择元素操作。
Wed, 19 Dec 2018 13:59:17-INFO-basepage.py-find_element-[ line:107-通过{0}方式，查找元素{1}。
Wed, 19 Dec 2018 13:59:17-INFO-basepage.py-wait_elementvisibility-[ line:33-等待元素可见：ddlPoliticalStatus，开始等待时间：2018-12-19 13:59:17.755922，等待结束时间2018-12-19 13:59:17.849928，等待时间间隔：86399
Wed, 19 Dec 2018 13:59:17-INFO-basepage.py-select_element-[ line:255-下拉选择元素操作。
Wed, 19 Dec 2018 13:59:17-INFO-basepage.py-find_element-[ line:107-通过{0}方式，查找元素{1}。
Wed, 19 Dec 2018 13:59:18-INFO-basepage.py-wait_elementvisibility-[ line:33-等待元素可见：NativePlace，开始等待时间：2018-12-19 13:59:18.121943，等待结束时间2018-12-19 13:59:18.234950，等待时间间隔：86399
Wed, 19 Dec 2018 13:59:18-INFO-basepage.py-send_keys_element-[ line:237-执行元素输入操作。
Wed, 19 Dec 2018 13:59:18-INFO-basepage.py-find_element-[ line:107-通过{0}方式，查找元素{1}。
Wed, 19 Dec 2018 13:59:18-INFO-basepage.py-wait_elementvisibility-[ line:33-等待元素可见：ddlCardType，开始等待时间：2018-12-19 13:59:18.577969，等待结束时间2018-12-19 13:59:18.672975，等待时间间隔：86399
Wed, 19 Dec 2018 13:59:18-INFO-basepage.py-send_keys_element-[ line:237-执行元素输入操作。
Wed, 19 Dec 2018 13:59:18-INFO-basepage.py-find_element-[ line:107-通过{0}方式，查找元素{1}。
Wed, 19 Dec 2018 13:59:18-INFO-basepage.py-wait_elementvisibility-[ line:33-等待元素可见：CardNo，开始等待时间：2018-12-19 13:59:18.831984，等待结束时间2018-12-19 13:59:18.944990，等待时间间隔：86399
Wed, 19 Dec 2018 13:59:18-INFO-basepage.py-send_keys_element-[ line:237-执行元素输入操作。
Wed, 19 Dec 2018 13:59:18-INFO-basepage.py-find_element-[ line:107-通过{0}方式，查找元素{1}。
Wed, 19 Dec 2018 13:59:19-INFO-basepage.py-wait_elementvisibility-[ line:33-等待元素可见：VisaEffectiveDate，开始等待时间：2018-12-19 13:59:19.588027，等待结束时间2018-12-19 13:59:19.677032，等待时间间隔：86399
Wed, 19 Dec 2018 13:59:19-INFO-basepage.py-remove_attribute-[ line:156-移除元素属性操作
Wed, 19 Dec 2018 13:59:19-INFO-basepage.py-send_keys_element-[ line:237-执行元素输入操作。
Wed, 19 Dec 2018 13:59:19-INFO-basepage.py-find_element-[ line:107-通过{0}方式，查找元素{1}。
Wed, 19 Dec 2018 13:59:20-INFO-basepage.py-wait_elementvisibility-[ line:33-等待元素可见：ddlMarriage，开始等待时间：2018-12-19 13:59:20.068055，等待结束时间2018-12-19 13:59:20.159060，等待时间间隔：86399
Wed, 19 Dec 2018 13:59:20-INFO-basepage.py-select_element-[ line:255-下拉选择元素操作。
Wed, 19 Dec 2018 13:59:20-INFO-basepage.py-find_element-[ line:107-通过{0}方式，查找元素{1}。
Wed, 19 Dec 2018 13:59:20-INFO-basepage.py-wait_elementvisibility-[ line:33-等待元素可见：ddlNativeLanguage，开始等待时间：2018-12-19 13:59:20.395073，等待结束时间2018-12-19 13:59:20.515080，等待时间间隔：86399
Wed, 19 Dec 2018 13:59:20-INFO-basepage.py-select_element-[ line:255-下拉选择元素操作。
Wed, 19 Dec 2018 13:59:20-INFO-basepage.py-find_element-[ line:107-通过{0}方式，查找元素{1}。
Wed, 19 Dec 2018 13:59:20-INFO-basepage.py-wait_elementvisibility-[ line:33-等待元素可见：ddlMainDarin，开始等待时间：2018-12-19 13:59:20.756094，等待结束时间2018-12-19 13:59:20.856100，等待时间间隔：86399
Wed, 19 Dec 2018 13:59:20-INFO-basepage.py-select_element-[ line:255-下拉选择元素操作。
Wed, 19 Dec 2018 13:59:20-INFO-basepage.py-find_element-[ line:107-通过{0}方式，查找元素{1}。
Wed, 19 Dec 2018 13:59:21-INFO-basepage.py-wait_elementvisibility-[ line:33-等待元素可见：SchoolRollNumber，开始等待时间：2018-12-19 13:59:21.003108，等待结束时间2018-12-19 13:59:21.098114，等待时间间隔：86399
Wed, 19 Dec 2018 13:59:21-INFO-basepage.py-send_keys_element-[ line:237-执行元素输入操作。
Wed, 19 Dec 2018 13:59:21-INFO-basepage.py-find_element-[ line:107-通过{0}方式，查找元素{1}。
Wed, 19 Dec 2018 13:59:21-INFO-basepage.py-wait_elementvisibility-[ line:33-等待元素可见：ddlDepartment，开始等待时间：2018-12-19 13:59:21.499137，等待结束时间2018-12-19 13:59:21.587142，等待时间间隔：86399
Wed, 19 Dec 2018 13:59:21-INFO-basepage.py-select_element-[ line:255-下拉选择元素操作。
Wed, 19 Dec 2018 13:59:21-INFO-basepage.py-find_element-[ line:107-通过{0}方式，查找元素{1}。
Wed, 19 Dec 2018 13:59:21-INFO-basepage.py-wait_elementvisibility-[ line:33-等待元素可见：ddlGrade，开始等待时间：2018-12-19 13:59:21.869158，等待结束时间2018-12-19 13:59:21.982164，等待时间间隔：86399
Wed, 19 Dec 2018 13:59:21-INFO-basepage.py-select_element-[ line:255-下拉选择元素操作。
Wed, 19 Dec 2018 13:59:21-INFO-basepage.py-find_element-[ line:107-通过{0}方式，查找元素{1}。
Wed, 19 Dec 2018 13:59:22-INFO-basepage.py-wait_elementvisibility-[ line:33-等待元素可见：ddlTrainLevel，开始等待时间：2018-12-19 13:59:22.210177，等待结束时间2018-12-19 13:59:22.311183，等待时间间隔：86399
Wed, 19 Dec 2018 13:59:22-INFO-basepage.py-select_element-[ line:255-下拉选择元素操作。
Wed, 19 Dec 2018 13:59:22-INFO-basepage.py-find_element-[ line:107-通过{0}方式，查找元素{1}。
Wed, 19 Dec 2018 13:59:22-INFO-basepage.py-wait_elementvisibility-[ line:33-等待元素可见：SchoolSystem，开始等待时间：2018-12-19 13:59:22.578198，等待结束时间2018-12-19 13:59:22.666203，等待时间间隔：86399
Wed, 19 Dec 2018 13:59:22-INFO-basepage.py-remove_attribute-[ line:156-移除元素属性操作
Wed, 19 Dec 2018 13:59:22-INFO-basepage.py-send_keys_element-[ line:237-执行元素输入操作。
Wed, 19 Dec 2018 13:59:22-INFO-basepage.py-find_element-[ line:107-通过{0}方式，查找元素{1}。
Wed, 19 Dec 2018 13:59:22-INFO-basepage.py-wait_elementvisibility-[ line:33-等待元素可见：ddlProgram，开始等待时间：2018-12-19 13:59:22.875215，等待结束时间2018-12-19 13:59:22.977221，等待时间间隔：86399
Wed, 19 Dec 2018 13:59:22-INFO-basepage.py-select_element-[ line:255-下拉选择元素操作。
Wed, 19 Dec 2018 13:59:22-INFO-basepage.py-find_element-[ line:107-通过{0}方式，查找元素{1}。
Wed, 19 Dec 2018 13:59:23-INFO-basepage.py-wait_elementvisibility-[ line:33-等待元素可见：ddlStudentType，开始等待时间：2018-12-19 13:59:23.227235，等待结束时间2018-12-19 13:59:23.351242，等待时间间隔：86399
Wed, 19 Dec 2018 13:59:23-INFO-basepage.py-select_element-[ line:255-下拉选择元素操作。
Wed, 19 Dec 2018 13:59:23-INFO-basepage.py-find_element-[ line:107-通过{0}方式，查找元素{1}。
Wed, 19 Dec 2018 13:59:23-INFO-basepage.py-wait_elementvisibility-[ line:33-等待元素可见：ddlStudentType，开始等待时间：2018-12-19 13:59:23.610257，等待结束时间2018-12-19 13:59:23.684261，等待时间间隔：86399
Wed, 19 Dec 2018 13:59:23-INFO-basepage.py-select_element-[ line:255-下拉选择元素操作。
Wed, 19 Dec 2018 13:59:23-INFO-basepage.py-find_element-[ line:107-通过{0}方式，查找元素{1}。
Wed, 19 Dec 2018 13:59:24-INFO-basepage.py-wait_elementvisibility-[ line:33-等待元素可见：ddlDistributary，开始等待时间：2018-12-19 13:59:23.928275，等待结束时间2018-12-19 13:59:24.015280，等待时间间隔：86399
Wed, 19 Dec 2018 13:59:24-INFO-basepage.py-select_element-[ line:255-下拉选择元素操作。
Wed, 19 Dec 2018 13:59:24-INFO-basepage.py-find_element-[ line:107-通过{0}方式，查找元素{1}。
Wed, 19 Dec 2018 13:59:24-INFO-basepage.py-wait_elementvisibility-[ line:33-等待元素可见：ddlEnterGrade，开始等待时间：2018-12-19 13:59:24.169289，等待结束时间2018-12-19 13:59:24.307297，等待时间间隔：86399
Wed, 19 Dec 2018 13:59:24-INFO-basepage.py-select_element-[ line:255-下拉选择元素操作。
Wed, 19 Dec 2018 13:59:24-INFO-basepage.py-find_element-[ line:107-通过{0}方式，查找元素{1}。
Wed, 19 Dec 2018 13:59:24-INFO-basepage.py-wait_elementvisibility-[ line:33-等待元素可见：EnterDate，开始等待时间：2018-12-19 13:59:24.550311，等待结束时间2018-12-19 13:59:24.646317，等待时间间隔：86399
Wed, 19 Dec 2018 13:59:24-INFO-basepage.py-remove_attribute-[ line:156-移除元素属性操作
Wed, 19 Dec 2018 13:59:24-INFO-basepage.py-clear_input-[ line:176-清除文本框内容操作。
Wed, 19 Dec 2018 13:59:24-INFO-basepage.py-find_element-[ line:107-通过{0}方式，查找元素{1}。
Wed, 19 Dec 2018 13:59:24-INFO-basepage.py-send_keys_element-[ line:237-执行元素输入操作。
Wed, 19 Dec 2018 13:59:24-INFO-basepage.py-find_element-[ line:107-通过{0}方式，查找元素{1}。
Wed, 19 Dec 2018 13:59:25-INFO-basepage.py-wait_elementvisibility-[ line:33-等待元素可见：EndDate，开始等待时间：2018-12-19 13:59:25.126344，等待结束时间2018-12-19 13:59:25.220349，等待时间间隔：86399
Wed, 19 Dec 2018 13:59:25-INFO-basepage.py-remove_attribute-[ line:156-移除元素属性操作
Wed, 19 Dec 2018 13:59:25-INFO-basepage.py-clear_input-[ line:176-清除文本框内容操作。
Wed, 19 Dec 2018 13:59:25-INFO-basepage.py-find_element-[ line:107-通过{0}方式，查找元素{1}。
Wed, 19 Dec 2018 13:59:25-INFO-basepage.py-send_keys_element-[ line:237-执行元素输入操作。
Wed, 19 Dec 2018 13:59:25-INFO-basepage.py-find_element-[ line:107-通过{0}方式，查找元素{1}。
Wed, 19 Dec 2018 13:59:25-INFO-basepage.py-wait_elementvisibility-[ line:33-等待元素可见：txtStudentExamCode，开始等待时间：2018-12-19 13:59:25.701377，等待结束时间2018-12-19 13:59:25.799382，等待时间间隔：86399
Wed, 19 Dec 2018 13:59:25-INFO-basepage.py-send_keys_element-[ line:237-执行元素输入操作。
Wed, 19 Dec 2018 13:59:25-INFO-basepage.py-find_element-[ line:107-通过{0}方式，查找元素{1}。
Wed, 19 Dec 2018 13:59:26-INFO-basepage.py-wait_elementvisibility-[ line:33-等待元素可见：ddlStudentSourseType，开始等待时间：2018-12-19 13:59:26.240408，等待结束时间2018-12-19 13:59:26.339413，等待时间间隔：86399
Wed, 19 Dec 2018 13:59:26-INFO-basepage.py-select_element-[ line:255-下拉选择元素操作。
Wed, 19 Dec 2018 13:59:26-INFO-basepage.py-find_element-[ line:107-通过{0}方式，查找元素{1}。
Wed, 19 Dec 2018 13:59:26-INFO-basepage.py-wait_elementvisibility-[ line:33-等待元素可见：ddlSourceArea，开始等待时间：2018-12-19 13:59:26.495422，等待结束时间2018-12-19 13:59:26.585427，等待时间间隔：86399
Wed, 19 Dec 2018 13:59:26-INFO-basepage.py-select_element-[ line:255-下拉选择元素操作。
Wed, 19 Dec 2018 13:59:26-INFO-basepage.py-find_element-[ line:107-通过{0}方式，查找元素{1}。
Wed, 19 Dec 2018 13:59:26-INFO-basepage.py-wait_elementvisibility-[ line:33-等待元素可见：//input[@value='暂存']，开始等待时间：2018-12-19 13:59:26.746437，等待结束时间2018-12-19 13:59:26.849443，等待时间间隔：86399
Wed, 19 Dec 2018 13:59:26-INFO-basepage.py-click_element-[ line:138-执行元素点击操作。
Wed, 19 Dec 2018 13:59:26-INFO-basepage.py-find_element-[ line:107-通过{0}方式，查找元素{1}。
Wed, 19 Dec 2018 13:59:27-INFO-basepage.py-wait_elementvisibility-[ line:33-等待元素可见：//span[text()='确定']，开始等待时间：2018-12-19 13:59:27.219464，等待结束时间2018-12-19 13:59:27.952506，等待时间间隔：86399
Wed, 19 Dec 2018 13:59:27-INFO-basepage.py-click_element-[ line:138-执行元素点击操作。
Wed, 19 Dec 2018 13:59:27-INFO-basepage.py-find_element-[ line:107-通过{0}方式，查找元素{1}。
Wed, 19 Dec 2018 13:59:31-INFO-basepage.py-wait_elementvisibility-[ line:33-等待元素可见：//table[@class='TableCss']，开始等待时间：2018-12-19 13:59:31.313698，等待结束时间2018-12-19 13:59:31.404703，等待时间间隔：86399
Wed, 19 Dec 2018 13:59:31-INFO-basepage.py-get_table-[ line:200-获取表格数据操作。
Wed, 19 Dec 2018 13:59:31-INFO-basepage.py-wait_elementvisibility-[ line:33-等待元素可见：//table[@class='TableCss']，开始等待时间：2018-12-19 13:59:31.405703，等待结束时间2018-12-19 13:59:31.481707，等待时间间隔：86399
Wed, 19 Dec 2018 13:59:31-INFO-basepage.py-get_table-[ line:200-获取表格数据操作。
Wed, 19 Dec 2018 13:59:31-INFO-basepage.py-wait_elementvisibility-[ line:33-等待元素可见：//table[@class='TableCss']，开始等待时间：2018-12-19 13:59:31.776724，等待结束时间2018-12-19 13:59:31.849729，等待时间间隔：86399
Wed, 19 Dec 2018 13:59:32-INFO-conftest.py-login_driver-[ line:24-=====用例后置：关闭浏览器会话,清理环境=======
