Wed, 19 Dec 2018 14:09:51-INFO-conftest.py-login_driver-[ line:15-=====用例前置：初始化浏览器会话，登陆教务管理系统=======
Wed, 19 Dec 2018 14:10:04-INFO-basepage.py-wait_elementvisibility-[ line:33-等待元素可见：txtUserName，开始等待时间：2018-12-19 14:10:04.856934，等待结束时间2018-12-19 14:10:04.978941，等待时间间隔：86399
Wed, 19 Dec 2018 14:10:04-INFO-basepage.py-send_keys_element-[ line:237-执行元素输入操作。
Wed, 19 Dec 2018 14:10:04-INFO-basepage.py-find_element-[ line:107-通过{0}方式，查找元素{1}。
Wed, 19 Dec 2018 14:10:05-INFO-basepage.py-send_keys_element-[ line:237-执行元素输入操作。
Wed, 19 Dec 2018 14:10:05-INFO-basepage.py-find_element-[ line:107-通过{0}方式，查找元素{1}。
Wed, 19 Dec 2018 14:10:05-INFO-basepage.py-click_element-[ line:138-执行元素点击操作。
Wed, 19 Dec 2018 14:10:05-INFO-basepage.py-find_element-[ line:107-通过{0}方式，查找元素{1}。
Wed, 19 Dec 2018 14:10:07-INFO-basepage.py-wait_elementvisibility-[ line:33-等待元素可见：.logo-mini>img，开始等待时间：2018-12-19 14:10:06.719041，等待结束时间2018-12-19 14:10:07.595091，等待时间间隔：86399
Wed, 19 Dec 2018 14:10:07-INFO-basepage.py-click_element-[ line:138-执行元素点击操作。
Wed, 19 Dec 2018 14:10:07-INFO-basepage.py-find_element-[ line:107-通过{0}方式，查找元素{1}。
Wed, 19 Dec 2018 14:10:08-INFO-basepage.py-wait_elementvisibility-[ line:33-等待元素可见：#vuewrap>aside>div>section>ul>li:nth-child(1)>a，开始等待时间：2018-12-19 14:10:07.914109，等待结束时间2018-12-19 14:10:08.332133，等待时间间隔：86399
Wed, 19 Dec 2018 14:10:08-INFO-basepage.py-click_element-[ line:138-执行元素点击操作。
Wed, 19 Dec 2018 14:10:08-INFO-basepage.py-find_element-[ line:107-通过{0}方式，查找元素{1}。
Wed, 19 Dec 2018 14:10:08-INFO-basepage.py-wait_elementvisibility-[ line:33-等待元素可见：div.listwrap>div:nth-child(1)>ul>li:nth-child(1)>a，开始等待时间：2018-12-19 14:10:08.663152，等待结束时间2018-12-19 14:10:08.787159，等待时间间隔：86399
Wed, 19 Dec 2018 14:10:08-INFO-basepage.py-click_element-[ line:138-执行元素点击操作。
Wed, 19 Dec 2018 14:10:08-INFO-basepage.py-find_element-[ line:107-通过{0}方式，查找元素{1}。
Wed, 19 Dec 2018 14:10:09-INFO-basepage.py-switch_iframe_byname-[ line:82-通过iframe的名字{0}查找iframe
Wed, 19 Dec 2018 14:10:12-INFO-basepage.py-wait_elementvisibility-[ line:33-等待元素可见：FirstName，开始等待时间：2018-12-19 14:10:12.336362，等待结束时间2018-12-19 14:10:12.451369，等待时间间隔：86399
Wed, 19 Dec 2018 14:10:12-INFO-basepage.py-send_keys_element-[ line:237-执行元素输入操作。
Wed, 19 Dec 2018 14:10:12-INFO-basepage.py-find_element-[ line:107-通过{0}方式，查找元素{1}。
Wed, 19 Dec 2018 14:10:12-INFO-basepage.py-wait_elementvisibility-[ line:33-等待元素可见：LastName，开始等待时间：2018-12-19 14:10:12.817390，等待结束时间2018-12-19 14:10:12.976399，等待时间间隔：86399
Wed, 19 Dec 2018 14:10:12-INFO-basepage.py-send_keys_element-[ line:237-执行元素输入操作。
Wed, 19 Dec 2018 14:10:12-INFO-basepage.py-find_element-[ line:107-通过{0}方式，查找元素{1}。
Wed, 19 Dec 2018 14:10:13-INFO-basepage.py-wait_elementvisibility-[ line:33-等待元素可见：FormerName，开始等待时间：2018-12-19 14:10:13.265415，等待结束时间2018-12-19 14:10:13.505429，等待时间间隔：86399
Wed, 19 Dec 2018 14:10:13-INFO-basepage.py-send_keys_element-[ line:237-执行元素输入操作。
Wed, 19 Dec 2018 14:10:13-INFO-basepage.py-find_element-[ line:107-通过{0}方式，查找元素{1}。
Wed, 19 Dec 2018 14:10:13-INFO-basepage.py-wait_elementvisibility-[ line:33-等待元素可见：ddlGender，开始等待时间：2018-12-19 14:10:13.844449，等待结束时间2018-12-19 14:10:13.977456，等待时间间隔：86399
Wed, 19 Dec 2018 14:10:13-INFO-basepage.py-select_element-[ line:255-下拉选择元素操作。
Wed, 19 Dec 2018 14:10:13-INFO-basepage.py-find_element-[ line:107-通过{0}方式，查找元素{1}。
Wed, 19 Dec 2018 14:10:14-INFO-basepage.py-wait_elementvisibility-[ line:33-等待元素可见：EngFamilyName，开始等待时间：2018-12-19 14:10:14.272473，等待结束时间2018-12-19 14:10:14.499486，等待时间间隔：86399
Wed, 19 Dec 2018 14:10:14-INFO-basepage.py-send_keys_element-[ line:237-执行元素输入操作。
Wed, 19 Dec 2018 14:10:14-INFO-basepage.py-find_element-[ line:107-通过{0}方式，查找元素{1}。
Wed, 19 Dec 2018 14:10:14-INFO-basepage.py-wait_elementvisibility-[ line:33-等待元素可见：EngFirstName，开始等待时间：2018-12-19 14:10:14.782502，等待结束时间2018-12-19 14:10:14.919510，等待时间间隔：86399
Wed, 19 Dec 2018 14:10:14-INFO-basepage.py-send_keys_element-[ line:237-执行元素输入操作。
Wed, 19 Dec 2018 14:10:14-INFO-basepage.py-find_element-[ line:107-通过{0}方式，查找元素{1}。
Wed, 19 Dec 2018 14:10:15-INFO-basepage.py-wait_elementvisibility-[ line:33-等待元素可见：Birth，开始等待时间：2018-12-19 14:10:15.300532，等待结束时间2018-12-19 14:10:15.499543，等待时间间隔：86399
Wed, 19 Dec 2018 14:10:15-INFO-basepage.py-remove_attribute-[ line:156-移除元素属性操作
Wed, 19 Dec 2018 14:10:15-INFO-basepage.py-send_keys_element-[ line:237-执行元素输入操作。
Wed, 19 Dec 2018 14:10:15-INFO-basepage.py-find_element-[ line:107-通过{0}方式，查找元素{1}。
Wed, 19 Dec 2018 14:10:16-INFO-basepage.py-wait_elementvisibility-[ line:33-等待元素可见：ddlCountryCode，开始等待时间：2018-12-19 14:10:16.058575，等待结束时间2018-12-19 14:10:16.159581，等待时间间隔：86399
Wed, 19 Dec 2018 14:10:16-INFO-basepage.py-select_element-[ line:255-下拉选择元素操作。
Wed, 19 Dec 2018 14:10:16-INFO-basepage.py-find_element-[ line:107-通过{0}方式，查找元素{1}。
Wed, 19 Dec 2018 14:10:16-INFO-basepage.py-wait_elementvisibility-[ line:33-等待元素可见：ddlNationality，开始等待时间：2018-12-19 14:10:16.339591，等待结束时间2018-12-19 14:10:16.461598，等待时间间隔：86399
Wed, 19 Dec 2018 14:10:16-INFO-basepage.py-select_element-[ line:255-下拉选择元素操作。
Wed, 19 Dec 2018 14:10:16-INFO-basepage.py-find_element-[ line:107-通过{0}方式，查找元素{1}。
Wed, 19 Dec 2018 14:10:16-INFO-basepage.py-wait_elementvisibility-[ line:33-等待元素可见：ddlPoliticalStatus，开始等待时间：2018-12-19 14:10:16.697612，等待结束时间2018-12-19 14:10:16.795617，等待时间间隔：86399
Wed, 19 Dec 2018 14:10:16-INFO-basepage.py-select_element-[ line:255-下拉选择元素操作。
Wed, 19 Dec 2018 14:10:16-INFO-basepage.py-find_element-[ line:107-通过{0}方式，查找元素{1}。
Wed, 19 Dec 2018 14:10:17-INFO-basepage.py-wait_elementvisibility-[ line:33-等待元素可见：NativePlace，开始等待时间：2018-12-19 14:10:17.051632，等待结束时间2018-12-19 14:10:17.202641，等待时间间隔：86399
Wed, 19 Dec 2018 14:10:17-INFO-basepage.py-send_keys_element-[ line:237-执行元素输入操作。
Wed, 19 Dec 2018 14:10:17-INFO-basepage.py-find_element-[ line:107-通过{0}方式，查找元素{1}。
Wed, 19 Dec 2018 14:10:17-INFO-basepage.py-wait_elementvisibility-[ line:33-等待元素可见：ddlCardType，开始等待时间：2018-12-19 14:10:17.635665，等待结束时间2018-12-19 14:10:17.745672，等待时间间隔：86399
Wed, 19 Dec 2018 14:10:17-INFO-basepage.py-send_keys_element-[ line:237-执行元素输入操作。
Wed, 19 Dec 2018 14:10:17-INFO-basepage.py-find_element-[ line:107-通过{0}方式，查找元素{1}。
Wed, 19 Dec 2018 14:10:18-INFO-basepage.py-wait_elementvisibility-[ line:33-等待元素可见：CardNo，开始等待时间：2018-12-19 14:10:18.065690，等待结束时间2018-12-19 14:10:18.223699，等待时间间隔：86399
Wed, 19 Dec 2018 14:10:18-INFO-basepage.py-send_keys_element-[ line:237-执行元素输入操作。
Wed, 19 Dec 2018 14:10:18-INFO-basepage.py-find_element-[ line:107-通过{0}方式，查找元素{1}。
Wed, 19 Dec 2018 14:10:19-INFO-basepage.py-wait_elementvisibility-[ line:33-等待元素可见：VisaEffectiveDate，开始等待时间：2018-12-19 14:10:18.981742，等待结束时间2018-12-19 14:10:19.083748，等待时间间隔：86399
Wed, 19 Dec 2018 14:10:19-INFO-basepage.py-remove_attribute-[ line:156-移除元素属性操作
Wed, 19 Dec 2018 14:10:19-INFO-basepage.py-send_keys_element-[ line:237-执行元素输入操作。
Wed, 19 Dec 2018 14:10:19-INFO-basepage.py-find_element-[ line:107-通过{0}方式，查找元素{1}。
Wed, 19 Dec 2018 14:10:19-INFO-basepage.py-wait_elementvisibility-[ line:33-等待元素可见：ddlMarriage，开始等待时间：2018-12-19 14:10:19.663781，等待结束时间2018-12-19 14:10:19.757787，等待时间间隔：86399
Wed, 19 Dec 2018 14:10:19-INFO-basepage.py-select_element-[ line:255-下拉选择元素操作。
Wed, 19 Dec 2018 14:10:19-INFO-basepage.py-find_element-[ line:107-通过{0}方式，查找元素{1}。
Wed, 19 Dec 2018 14:10:20-INFO-basepage.py-wait_elementvisibility-[ line:33-等待元素可见：ddlNativeLanguage，开始等待时间：2018-12-19 14:10:20.045803，等待结束时间2018-12-19 14:10:20.198812，等待时间间隔：86399
Wed, 19 Dec 2018 14:10:20-INFO-basepage.py-select_element-[ line:255-下拉选择元素操作。
Wed, 19 Dec 2018 14:10:20-INFO-basepage.py-find_element-[ line:107-通过{0}方式，查找元素{1}。
Wed, 19 Dec 2018 14:10:20-INFO-basepage.py-wait_elementvisibility-[ line:33-等待元素可见：ddlMainDarin，开始等待时间：2018-12-19 14:10:20.464827，等待结束时间2018-12-19 14:10:20.566833，等待时间间隔：86399
Wed, 19 Dec 2018 14:10:20-INFO-basepage.py-select_element-[ line:255-下拉选择元素操作。
Wed, 19 Dec 2018 14:10:20-INFO-basepage.py-find_element-[ line:107-通过{0}方式，查找元素{1}。
Wed, 19 Dec 2018 14:10:20-INFO-basepage.py-wait_elementvisibility-[ line:33-等待元素可见：SchoolRollNumber，开始等待时间：2018-12-19 14:10:20.748843，等待结束时间2018-12-19 14:10:20.842849，等待时间间隔：86399
Wed, 19 Dec 2018 14:10:20-INFO-basepage.py-send_keys_element-[ line:237-执行元素输入操作。
Wed, 19 Dec 2018 14:10:20-INFO-basepage.py-find_element-[ line:107-通过{0}方式，查找元素{1}。
Wed, 19 Dec 2018 14:10:21-INFO-basepage.py-wait_elementvisibility-[ line:33-等待元素可见：ddlDepartment，开始等待时间：2018-12-19 14:10:21.234871，等待结束时间2018-12-19 14:10:21.340877，等待时间间隔：86399
Wed, 19 Dec 2018 14:10:21-INFO-basepage.py-select_element-[ line:255-下拉选择元素操作。
Wed, 19 Dec 2018 14:10:21-INFO-basepage.py-find_element-[ line:107-通过{0}方式，查找元素{1}。
Wed, 19 Dec 2018 14:10:21-INFO-basepage.py-wait_elementvisibility-[ line:33-等待元素可见：ddlGrade，开始等待时间：2018-12-19 14:10:21.621893，等待结束时间2018-12-19 14:10:21.730900，等待时间间隔：86399
Wed, 19 Dec 2018 14:10:21-INFO-basepage.py-select_element-[ line:255-下拉选择元素操作。
Wed, 19 Dec 2018 14:10:21-INFO-basepage.py-find_element-[ line:107-通过{0}方式，查找元素{1}。
Wed, 19 Dec 2018 14:10:22-INFO-basepage.py-wait_elementvisibility-[ line:33-等待元素可见：ddlTrainLevel，开始等待时间：2018-12-19 14:10:21.976914，等待结束时间2018-12-19 14:10:22.071919，等待时间间隔：86399
Wed, 19 Dec 2018 14:10:22-INFO-basepage.py-select_element-[ line:255-下拉选择元素操作。
Wed, 19 Dec 2018 14:10:22-INFO-basepage.py-find_element-[ line:107-通过{0}方式，查找元素{1}。
Wed, 19 Dec 2018 14:10:22-INFO-basepage.py-wait_elementvisibility-[ line:33-等待元素可见：SchoolSystem，开始等待时间：2018-12-19 14:10:22.345935，等待结束时间2018-12-19 14:10:22.476942，等待时间间隔：86399
Wed, 19 Dec 2018 14:10:22-INFO-basepage.py-remove_attribute-[ line:156-移除元素属性操作
Wed, 19 Dec 2018 14:10:22-INFO-basepage.py-send_keys_element-[ line:237-执行元素输入操作。
Wed, 19 Dec 2018 14:10:22-INFO-basepage.py-find_element-[ line:107-通过{0}方式，查找元素{1}。
Wed, 19 Dec 2018 14:10:22-INFO-basepage.py-wait_elementvisibility-[ line:33-等待元素可见：ddlProgram，开始等待时间：2018-12-19 14:10:22.682954，等待结束时间2018-12-19 14:10:22.777959，等待时间间隔：86399
Wed, 19 Dec 2018 14:10:22-INFO-basepage.py-select_element-[ line:255-下拉选择元素操作。
Wed, 19 Dec 2018 14:10:22-INFO-basepage.py-find_element-[ line:107-通过{0}方式，查找元素{1}。
Wed, 19 Dec 2018 14:10:23-INFO-basepage.py-wait_elementvisibility-[ line:33-等待元素可见：ddlStudentType，开始等待时间：2018-12-19 14:10:23.033974，等待结束时间2018-12-19 14:10:23.159981，等待时间间隔：86399
Wed, 19 Dec 2018 14:10:23-INFO-basepage.py-select_element-[ line:255-下拉选择元素操作。
Wed, 19 Dec 2018 14:10:23-INFO-basepage.py-find_element-[ line:107-通过{0}方式，查找元素{1}。
Wed, 19 Dec 2018 14:10:23-INFO-basepage.py-wait_elementvisibility-[ line:33-等待元素可见：ddlStudentType，开始等待时间：2018-12-19 14:10:23.404995，等待结束时间2018-12-19 14:10:23.487000，等待时间间隔：86399
Wed, 19 Dec 2018 14:10:23-INFO-basepage.py-select_element-[ line:255-下拉选择元素操作。
Wed, 19 Dec 2018 14:10:23-INFO-basepage.py-find_element-[ line:107-通过{0}方式，查找元素{1}。
Wed, 19 Dec 2018 14:10:23-INFO-basepage.py-wait_elementvisibility-[ line:33-等待元素可见：ddlDistributary，开始等待时间：2018-12-19 14:10:23.793018，等待结束时间2018-12-19 14:10:23.917025，等待时间间隔：86399
Wed, 19 Dec 2018 14:10:23-INFO-basepage.py-select_element-[ line:255-下拉选择元素操作。
Wed, 19 Dec 2018 14:10:23-INFO-basepage.py-find_element-[ line:107-通过{0}方式，查找元素{1}。
Wed, 19 Dec 2018 14:10:24-INFO-basepage.py-wait_elementvisibility-[ line:33-等待元素可见：ddlEnterGrade，开始等待时间：2018-12-19 14:10:24.089034，等待结束时间2018-12-19 14:10:24.183040，等待时间间隔：86399
Wed, 19 Dec 2018 14:10:24-INFO-basepage.py-select_element-[ line:255-下拉选择元素操作。
Wed, 19 Dec 2018 14:10:24-INFO-basepage.py-find_element-[ line:107-通过{0}方式，查找元素{1}。
Wed, 19 Dec 2018 14:10:24-INFO-basepage.py-wait_elementvisibility-[ line:33-等待元素可见：EnterDate，开始等待时间：2018-12-19 14:10:24.471056，等待结束时间2018-12-19 14:10:24.602064，等待时间间隔：86399
Wed, 19 Dec 2018 14:10:24-INFO-basepage.py-remove_attribute-[ line:156-移除元素属性操作
Wed, 19 Dec 2018 14:10:24-INFO-basepage.py-clear_input-[ line:176-清除文本框内容操作。
Wed, 19 Dec 2018 14:10:24-INFO-basepage.py-find_element-[ line:107-通过{0}方式，查找元素{1}。
Wed, 19 Dec 2018 14:10:24-INFO-basepage.py-send_keys_element-[ line:237-执行元素输入操作。
Wed, 19 Dec 2018 14:10:24-INFO-basepage.py-find_element-[ line:107-通过{0}方式，查找元素{1}。
Wed, 19 Dec 2018 14:10:25-INFO-basepage.py-wait_elementvisibility-[ line:33-等待元素可见：EndDate，开始等待时间：2018-12-19 14:10:25.158096，等待结束时间2018-12-19 14:10:25.303104，等待时间间隔：86399
Wed, 19 Dec 2018 14:10:25-INFO-basepage.py-remove_attribute-[ line:156-移除元素属性操作
Wed, 19 Dec 2018 14:10:25-INFO-basepage.py-clear_input-[ line:176-清除文本框内容操作。
Wed, 19 Dec 2018 14:10:25-INFO-basepage.py-find_element-[ line:107-通过{0}方式，查找元素{1}。
Wed, 19 Dec 2018 14:10:25-INFO-basepage.py-send_keys_element-[ line:237-执行元素输入操作。
Wed, 19 Dec 2018 14:10:25-INFO-basepage.py-find_element-[ line:107-通过{0}方式，查找元素{1}。
Wed, 19 Dec 2018 14:10:26-INFO-basepage.py-wait_elementvisibility-[ line:33-等待元素可见：txtStudentExamCode，开始等待时间：2018-12-19 14:10:25.932140，等待结束时间2018-12-19 14:10:26.028145，等待时间间隔：86399
Wed, 19 Dec 2018 14:10:26-INFO-basepage.py-send_keys_element-[ line:237-执行元素输入操作。
Wed, 19 Dec 2018 14:10:26-INFO-basepage.py-find_element-[ line:107-通过{0}方式，查找元素{1}。
Wed, 19 Dec 2018 14:10:26-INFO-basepage.py-wait_elementvisibility-[ line:33-等待元素可见：ddlStudentSourseType，开始等待时间：2018-12-19 14:10:26.485172，等待结束时间2018-12-19 14:10:26.582177，等待时间间隔：86399
Wed, 19 Dec 2018 14:10:26-INFO-basepage.py-select_element-[ line:255-下拉选择元素操作。
Wed, 19 Dec 2018 14:10:26-INFO-basepage.py-find_element-[ line:107-通过{0}方式，查找元素{1}。
Wed, 19 Dec 2018 14:10:26-INFO-basepage.py-wait_elementvisibility-[ line:33-等待元素可见：ddlSourceArea，开始等待时间：2018-12-19 14:10:26.731186，等待结束时间2018-12-19 14:10:26.950198，等待时间间隔：86399
Wed, 19 Dec 2018 14:10:26-INFO-basepage.py-select_element-[ line:255-下拉选择元素操作。
Wed, 19 Dec 2018 14:10:26-INFO-basepage.py-find_element-[ line:107-通过{0}方式，查找元素{1}。
Wed, 19 Dec 2018 14:10:27-INFO-basepage.py-wait_elementvisibility-[ line:33-等待元素可见：//input[@value='暂存']，开始等待时间：2018-12-19 14:10:27.097207，等待结束时间2018-12-19 14:10:27.195212，等待时间间隔：86399
Wed, 19 Dec 2018 14:10:27-INFO-basepage.py-click_element-[ line:138-执行元素点击操作。
Wed, 19 Dec 2018 14:10:27-INFO-basepage.py-find_element-[ line:107-通过{0}方式，查找元素{1}。
Wed, 19 Dec 2018 14:10:28-INFO-basepage.py-wait_elementvisibility-[ line:33-等待元素可见：//span[text()='确定']，开始等待时间：2018-12-19 14:10:27.617236，等待结束时间2018-12-19 14:10:28.618294，等待时间间隔：86398
Wed, 19 Dec 2018 14:10:28-INFO-basepage.py-click_element-[ line:138-执行元素点击操作。
Wed, 19 Dec 2018 14:10:28-INFO-basepage.py-find_element-[ line:107-通过{0}方式，查找元素{1}。
Wed, 19 Dec 2018 14:10:32-INFO-basepage.py-wait_elementvisibility-[ line:33-等待元素可见：//table[@class='TableCss']，开始等待时间：2018-12-19 14:10:32.061490，等待结束时间2018-12-19 14:10:32.159496，等待时间间隔：86399
Wed, 19 Dec 2018 14:10:32-INFO-basepage.py-get_table-[ line:200-获取表格数据操作。
Wed, 19 Dec 2018 14:10:32-INFO-basepage.py-wait_elementvisibility-[ line:33-等待元素可见：//table[@class='TableCss']，开始等待时间：2018-12-19 14:10:32.160496，等待结束时间2018-12-19 14:10:32.238501，等待时间间隔：86399
Wed, 19 Dec 2018 14:10:32-INFO-basepage.py-get_table-[ line:200-获取表格数据操作。
Wed, 19 Dec 2018 14:10:32-INFO-basepage.py-wait_elementvisibility-[ line:33-等待元素可见：//table[@class='TableCss']，开始等待时间：2018-12-19 14:10:32.419511，等待结束时间2018-12-19 14:10:32.500516，等待时间间隔：86399
Wed, 19 Dec 2018 14:10:32-INFO-conftest.py-login_driver-[ line:24-=====用例后置：关闭浏览器会话,清理环境=======
Wed, 19 Dec 2018 14:10:36-INFO-conftest.py-login_driver-[ line:15-=====用例前置：初始化浏览器会话，登陆教务管理系统=======
Wed, 19 Dec 2018 14:10:46-INFO-basepage.py-wait_elementvisibility-[ line:33-等待元素可见：txtUserName，开始等待时间：2018-12-19 14:10:46.084293，等待结束时间2018-12-19 14:10:46.206300，等待时间间隔：86399
Wed, 19 Dec 2018 14:10:46-INFO-basepage.py-send_keys_element-[ line:237-执行元素输入操作。
Wed, 19 Dec 2018 14:10:46-INFO-basepage.py-find_element-[ line:107-通过{0}方式，查找元素{1}。
Wed, 19 Dec 2018 14:10:46-INFO-basepage.py-send_keys_element-[ line:237-执行元素输入操作。
Wed, 19 Dec 2018 14:10:46-INFO-basepage.py-find_element-[ line:107-通过{0}方式，查找元素{1}。
Wed, 19 Dec 2018 14:10:46-INFO-basepage.py-click_element-[ line:138-执行元素点击操作。
Wed, 19 Dec 2018 14:10:46-INFO-basepage.py-find_element-[ line:107-通过{0}方式，查找元素{1}。
Wed, 19 Dec 2018 14:10:49-INFO-basepage.py-wait_elementvisibility-[ line:33-等待元素可见：.logo-mini>img，开始等待时间：2018-12-19 14:10:47.902397，等待结束时间2018-12-19 14:10:49.232473，等待时间间隔：86398
Wed, 19 Dec 2018 14:10:49-INFO-basepage.py-click_element-[ line:138-执行元素点击操作。
Wed, 19 Dec 2018 14:10:49-INFO-basepage.py-find_element-[ line:107-通过{0}方式，查找元素{1}。
Wed, 19 Dec 2018 14:10:49-INFO-basepage.py-wait_elementvisibility-[ line:33-等待元素可见：#vuewrap>aside>div>section>ul>li:nth-child(1)>a，开始等待时间：2018-12-19 14:10:49.578492，等待结束时间2018-12-19 14:10:49.966515，等待时间间隔：86399
Wed, 19 Dec 2018 14:10:49-INFO-basepage.py-click_element-[ line:138-执行元素点击操作。
Wed, 19 Dec 2018 14:10:49-INFO-basepage.py-find_element-[ line:107-通过{0}方式，查找元素{1}。
Wed, 19 Dec 2018 14:10:50-INFO-basepage.py-wait_elementvisibility-[ line:33-等待元素可见：div.listwrap>div:nth-child(1)>ul>li:nth-child(1)>a，开始等待时间：2018-12-19 14:10:50.290533，等待结束时间2018-12-19 14:10:50.536547，等待时间间隔：86399
Wed, 19 Dec 2018 14:10:50-INFO-basepage.py-click_element-[ line:138-执行元素点击操作。
Wed, 19 Dec 2018 14:10:50-INFO-basepage.py-find_element-[ line:107-通过{0}方式，查找元素{1}。
Wed, 19 Dec 2018 14:10:51-INFO-basepage.py-switch_iframe_byname-[ line:82-通过iframe的名字{0}查找iframe
Wed, 19 Dec 2018 14:10:54-INFO-basepage.py-wait_elementvisibility-[ line:33-等待元素可见：FirstName，开始等待时间：2018-12-19 14:10:54.178756，等待结束时间2018-12-19 14:10:54.274761，等待时间间隔：86399
Wed, 19 Dec 2018 14:10:54-INFO-basepage.py-send_keys_element-[ line:237-执行元素输入操作。
Wed, 19 Dec 2018 14:10:54-INFO-basepage.py-find_element-[ line:107-通过{0}方式，查找元素{1}。
Wed, 19 Dec 2018 14:10:54-INFO-basepage.py-wait_elementvisibility-[ line:33-等待元素可见：LastName，开始等待时间：2018-12-19 14:10:54.545777，等待结束时间2018-12-19 14:10:54.670784，等待时间间隔：86399
Wed, 19 Dec 2018 14:10:54-INFO-basepage.py-send_keys_element-[ line:237-执行元素输入操作。
Wed, 19 Dec 2018 14:10:54-INFO-basepage.py-find_element-[ line:107-通过{0}方式，查找元素{1}。
Wed, 19 Dec 2018 14:10:55-INFO-basepage.py-wait_elementvisibility-[ line:33-等待元素可见：FormerName，开始等待时间：2018-12-19 14:10:54.876795，等待结束时间2018-12-19 14:10:55.007803，等待时间间隔：86399
Wed, 19 Dec 2018 14:10:55-INFO-basepage.py-send_keys_element-[ line:237-执行元素输入操作。
Wed, 19 Dec 2018 14:10:55-INFO-basepage.py-find_element-[ line:107-通过{0}方式，查找元素{1}。
Wed, 19 Dec 2018 14:10:55-INFO-basepage.py-wait_elementvisibility-[ line:33-等待元素可见：ddlGender，开始等待时间：2018-12-19 14:10:55.260817，等待结束时间2018-12-19 14:10:55.393825，等待时间间隔：86399
Wed, 19 Dec 2018 14:10:55-INFO-basepage.py-select_element-[ line:255-下拉选择元素操作。
Wed, 19 Dec 2018 14:10:55-INFO-basepage.py-find_element-[ line:107-通过{0}方式，查找元素{1}。
Wed, 19 Dec 2018 14:10:55-INFO-basepage.py-wait_elementvisibility-[ line:33-等待元素可见：EngFamilyName，开始等待时间：2018-12-19 14:10:55.760846，等待结束时间2018-12-19 14:10:55.971858，等待时间间隔：86399
Wed, 19 Dec 2018 14:10:55-INFO-basepage.py-send_keys_element-[ line:237-执行元素输入操作。
Wed, 19 Dec 2018 14:10:55-INFO-basepage.py-find_element-[ line:107-通过{0}方式，查找元素{1}。
Wed, 19 Dec 2018 14:10:56-INFO-basepage.py-wait_elementvisibility-[ line:33-等待元素可见：EngFirstName，开始等待时间：2018-12-19 14:10:56.258874，等待结束时间2018-12-19 14:10:56.352880，等待时间间隔：86399
Wed, 19 Dec 2018 14:10:56-INFO-basepage.py-send_keys_element-[ line:237-执行元素输入操作。
Wed, 19 Dec 2018 14:10:56-INFO-basepage.py-find_element-[ line:107-通过{0}方式，查找元素{1}。
Wed, 19 Dec 2018 14:10:56-INFO-basepage.py-wait_elementvisibility-[ line:33-等待元素可见：Birth，开始等待时间：2018-12-19 14:10:56.568892，等待结束时间2018-12-19 14:10:56.676898，等待时间间隔：86399
Wed, 19 Dec 2018 14:10:56-INFO-basepage.py-remove_attribute-[ line:156-移除元素属性操作
Wed, 19 Dec 2018 14:10:56-INFO-basepage.py-send_keys_element-[ line:237-执行元素输入操作。
Wed, 19 Dec 2018 14:10:56-INFO-basepage.py-find_element-[ line:107-通过{0}方式，查找元素{1}。
Wed, 19 Dec 2018 14:10:57-INFO-basepage.py-wait_elementvisibility-[ line:33-等待元素可见：ddlCountryCode，开始等待时间：2018-12-19 14:10:57.037919，等待结束时间2018-12-19 14:10:57.125924，等待时间间隔：86399
Wed, 19 Dec 2018 14:10:57-INFO-basepage.py-select_element-[ line:255-下拉选择元素操作。
Wed, 19 Dec 2018 14:10:57-INFO-basepage.py-find_element-[ line:107-通过{0}方式，查找元素{1}。
Wed, 19 Dec 2018 14:10:57-INFO-basepage.py-wait_elementvisibility-[ line:33-等待元素可见：ddlNationality，开始等待时间：2018-12-19 14:10:57.270932，等待结束时间2018-12-19 14:10:57.354937，等待时间间隔：86399
Wed, 19 Dec 2018 14:10:57-INFO-basepage.py-select_element-[ line:255-下拉选择元素操作。
Wed, 19 Dec 2018 14:10:57-INFO-basepage.py-find_element-[ line:107-通过{0}方式，查找元素{1}。
Wed, 19 Dec 2018 14:10:57-INFO-basepage.py-wait_elementvisibility-[ line:33-等待元素可见：ddlPoliticalStatus，开始等待时间：2018-12-19 14:10:57.504946，等待结束时间2018-12-19 14:10:57.595951，等待时间间隔：86399
Wed, 19 Dec 2018 14:10:57-INFO-basepage.py-select_element-[ line:255-下拉选择元素操作。
Wed, 19 Dec 2018 14:10:57-INFO-basepage.py-find_element-[ line:107-通过{0}方式，查找元素{1}。
Wed, 19 Dec 2018 14:10:57-INFO-basepage.py-wait_elementvisibility-[ line:33-等待元素可见：NativePlace，开始等待时间：2018-12-19 14:10:57.831964，等待结束时间2018-12-19 14:10:57.949971，等待时间间隔：86399
Wed, 19 Dec 2018 14:10:57-INFO-basepage.py-send_keys_element-[ line:237-执行元素输入操作。
Wed, 19 Dec 2018 14:10:57-INFO-basepage.py-find_element-[ line:107-通过{0}方式，查找元素{1}。
Wed, 19 Dec 2018 14:10:58-INFO-basepage.py-wait_elementvisibility-[ line:33-等待元素可见：ddlCardType，开始等待时间：2018-12-19 14:10:58.323993，等待结束时间2018-12-19 14:10:58.417998，等待时间间隔：86399
Wed, 19 Dec 2018 14:10:58-INFO-basepage.py-send_keys_element-[ line:237-执行元素输入操作。
Wed, 19 Dec 2018 14:10:58-INFO-basepage.py-find_element-[ line:107-通过{0}方式，查找元素{1}。
Wed, 19 Dec 2018 14:10:58-INFO-basepage.py-wait_elementvisibility-[ line:33-等待元素可见：CardNo，开始等待时间：2018-12-19 14:10:58.581007，等待结束时间2018-12-19 14:10:58.764018，等待时间间隔：86399
Wed, 19 Dec 2018 14:10:58-INFO-basepage.py-send_keys_element-[ line:237-执行元素输入操作。
Wed, 19 Dec 2018 14:10:58-INFO-basepage.py-find_element-[ line:107-通过{0}方式，查找元素{1}。
Wed, 19 Dec 2018 14:10:59-INFO-basepage.py-wait_elementvisibility-[ line:33-等待元素可见：VisaEffectiveDate，开始等待时间：2018-12-19 14:10:59.411055，等待结束时间2018-12-19 14:10:59.519061，等待时间间隔：86399
Wed, 19 Dec 2018 14:10:59-INFO-basepage.py-remove_attribute-[ line:156-移除元素属性操作
Wed, 19 Dec 2018 14:10:59-INFO-basepage.py-send_keys_element-[ line:237-执行元素输入操作。
Wed, 19 Dec 2018 14:10:59-INFO-basepage.py-find_element-[ line:107-通过{0}方式，查找元素{1}。
Wed, 19 Dec 2018 14:11:00-INFO-basepage.py-wait_elementvisibility-[ line:33-等待元素可见：ddlMarriage，开始等待时间：2018-12-19 14:10:59.940085，等待结束时间2018-12-19 14:11:00.041091，等待时间间隔：86399
Wed, 19 Dec 2018 14:11:00-INFO-basepage.py-select_element-[ line:255-下拉选择元素操作。
Wed, 19 Dec 2018 14:11:00-INFO-basepage.py-find_element-[ line:107-通过{0}方式，查找元素{1}。
Wed, 19 Dec 2018 14:11:00-INFO-basepage.py-wait_elementvisibility-[ line:33-等待元素可见：ddlNativeLanguage，开始等待时间：2018-12-19 14:11:00.340108，等待结束时间2018-12-19 14:11:00.485116，等待时间间隔：86399
Wed, 19 Dec 2018 14:11:00-INFO-basepage.py-select_element-[ line:255-下拉选择元素操作。
Wed, 19 Dec 2018 14:11:00-INFO-basepage.py-find_element-[ line:107-通过{0}方式，查找元素{1}。
Wed, 19 Dec 2018 14:11:00-INFO-basepage.py-wait_elementvisibility-[ line:33-等待元素可见：ddlMainDarin，开始等待时间：2018-12-19 14:11:00.851137，等待结束时间2018-12-19 14:11:00.970144，等待时间间隔：86399
Wed, 19 Dec 2018 14:11:00-INFO-basepage.py-select_element-[ line:255-下拉选择元素操作。
Wed, 19 Dec 2018 14:11:00-INFO-basepage.py-find_element-[ line:107-通过{0}方式，查找元素{1}。
Wed, 19 Dec 2018 14:11:01-INFO-basepage.py-wait_elementvisibility-[ line:33-等待元素可见：SchoolRollNumber，开始等待时间：2018-12-19 14:11:01.202157，等待结束时间2018-12-19 14:11:01.314164，等待时间间隔：86399
Wed, 19 Dec 2018 14:11:01-INFO-basepage.py-send_keys_element-[ line:237-执行元素输入操作。
Wed, 19 Dec 2018 14:11:01-INFO-basepage.py-find_element-[ line:107-通过{0}方式，查找元素{1}。
Wed, 19 Dec 2018 14:11:01-INFO-basepage.py-wait_elementvisibility-[ line:33-等待元素可见：ddlDepartment，开始等待时间：2018-12-19 14:11:01.774190，等待结束时间2018-12-19 14:11:01.869195，等待时间间隔：86399
Wed, 19 Dec 2018 14:11:01-INFO-basepage.py-select_element-[ line:255-下拉选择元素操作。
Wed, 19 Dec 2018 14:11:01-INFO-basepage.py-find_element-[ line:107-通过{0}方式，查找元素{1}。
Wed, 19 Dec 2018 14:11:02-INFO-basepage.py-wait_elementvisibility-[ line:33-等待元素可见：ddlGrade，开始等待时间：2018-12-19 14:11:02.116210，等待结束时间2018-12-19 14:11:02.280219，等待时间间隔：86399
Wed, 19 Dec 2018 14:11:02-INFO-basepage.py-select_element-[ line:255-下拉选择元素操作。
Wed, 19 Dec 2018 14:11:02-INFO-basepage.py-find_element-[ line:107-通过{0}方式，查找元素{1}。
Wed, 19 Dec 2018 14:11:02-INFO-basepage.py-wait_elementvisibility-[ line:33-等待元素可见：ddlTrainLevel，开始等待时间：2018-12-19 14:11:02.536234，等待结束时间2018-12-19 14:11:02.649240，等待时间间隔：86399
Wed, 19 Dec 2018 14:11:02-INFO-basepage.py-select_element-[ line:255-下拉选择元素操作。
Wed, 19 Dec 2018 14:11:02-INFO-basepage.py-find_element-[ line:107-通过{0}方式，查找元素{1}。
Wed, 19 Dec 2018 14:11:02-INFO-basepage.py-wait_elementvisibility-[ line:33-等待元素可见：SchoolSystem，开始等待时间：2018-12-19 14:11:02.901254，等待结束时间2018-12-19 14:11:02.994260，等待时间间隔：86399
Wed, 19 Dec 2018 14:11:02-INFO-basepage.py-remove_attribute-[ line:156-移除元素属性操作
Wed, 19 Dec 2018 14:11:03-INFO-basepage.py-send_keys_element-[ line:237-执行元素输入操作。
Wed, 19 Dec 2018 14:11:03-INFO-basepage.py-find_element-[ line:107-通过{0}方式，查找元素{1}。
Wed, 19 Dec 2018 14:11:03-INFO-basepage.py-wait_elementvisibility-[ line:33-等待元素可见：ddlProgram，开始等待时间：2018-12-19 14:11:03.211272，等待结束时间2018-12-19 14:11:03.309278，等待时间间隔：86399
Wed, 19 Dec 2018 14:11:03-INFO-basepage.py-select_element-[ line:255-下拉选择元素操作。
Wed, 19 Dec 2018 14:11:03-INFO-basepage.py-find_element-[ line:107-通过{0}方式，查找元素{1}。
Wed, 19 Dec 2018 14:11:03-INFO-basepage.py-wait_elementvisibility-[ line:33-等待元素可见：ddlStudentType，开始等待时间：2018-12-19 14:11:03.600294，等待结束时间2018-12-19 14:11:03.747303，等待时间间隔：86399
Wed, 19 Dec 2018 14:11:03-INFO-basepage.py-select_element-[ line:255-下拉选择元素操作。
Wed, 19 Dec 2018 14:11:03-INFO-basepage.py-find_element-[ line:107-通过{0}方式，查找元素{1}。
Wed, 19 Dec 2018 14:11:04-INFO-basepage.py-wait_elementvisibility-[ line:33-等待元素可见：ddlStudentType，开始等待时间：2018-12-19 14:11:04.065321，等待结束时间2018-12-19 14:11:04.149326，等待时间间隔：86399
Wed, 19 Dec 2018 14:11:04-INFO-basepage.py-select_element-[ line:255-下拉选择元素操作。
Wed, 19 Dec 2018 14:11:04-INFO-basepage.py-find_element-[ line:107-通过{0}方式，查找元素{1}。
Wed, 19 Dec 2018 14:11:04-INFO-basepage.py-wait_elementvisibility-[ line:33-等待元素可见：ddlDistributary，开始等待时间：2018-12-19 14:11:04.531348，等待结束时间2018-12-19 14:11:04.639354，等待时间间隔：86399
Wed, 19 Dec 2018 14:11:04-INFO-basepage.py-select_element-[ line:255-下拉选择元素操作。
Wed, 19 Dec 2018 14:11:04-INFO-basepage.py-find_element-[ line:107-通过{0}方式，查找元素{1}。
Wed, 19 Dec 2018 14:11:04-INFO-basepage.py-wait_elementvisibility-[ line:33-等待元素可见：ddlEnterGrade，开始等待时间：2018-12-19 14:11:04.815364，等待结束时间2018-12-19 14:11:04.914370，等待时间间隔：86399
Wed, 19 Dec 2018 14:11:04-INFO-basepage.py-select_element-[ line:255-下拉选择元素操作。
Wed, 19 Dec 2018 14:11:04-INFO-basepage.py-find_element-[ line:107-通过{0}方式，查找元素{1}。
Wed, 19 Dec 2018 14:11:05-INFO-basepage.py-wait_elementvisibility-[ line:33-等待元素可见：EnterDate，开始等待时间：2018-12-19 14:11:05.150383，等待结束时间2018-12-19 14:11:05.254389，等待时间间隔：86399
Wed, 19 Dec 2018 14:11:05-INFO-basepage.py-remove_attribute-[ line:156-移除元素属性操作
Wed, 19 Dec 2018 14:11:05-INFO-basepage.py-clear_input-[ line:176-清除文本框内容操作。
Wed, 19 Dec 2018 14:11:05-INFO-basepage.py-find_element-[ line:107-通过{0}方式，查找元素{1}。
Wed, 19 Dec 2018 14:11:05-INFO-basepage.py-send_keys_element-[ line:237-执行元素输入操作。
Wed, 19 Dec 2018 14:11:05-INFO-basepage.py-find_element-[ line:107-通过{0}方式，查找元素{1}。
Wed, 19 Dec 2018 14:11:05-INFO-basepage.py-wait_elementvisibility-[ line:33-等待元素可见：EndDate，开始等待时间：2018-12-19 14:11:05.798420，等待结束时间2018-12-19 14:11:05.899426，等待时间间隔：86399
Wed, 19 Dec 2018 14:11:05-INFO-basepage.py-remove_attribute-[ line:156-移除元素属性操作
Wed, 19 Dec 2018 14:11:05-INFO-basepage.py-clear_input-[ line:176-清除文本框内容操作。
Wed, 19 Dec 2018 14:11:05-INFO-basepage.py-find_element-[ line:107-通过{0}方式，查找元素{1}。
Wed, 19 Dec 2018 14:11:06-INFO-basepage.py-send_keys_element-[ line:237-执行元素输入操作。
Wed, 19 Dec 2018 14:11:06-INFO-basepage.py-find_element-[ line:107-通过{0}方式，查找元素{1}。
Wed, 19 Dec 2018 14:11:06-INFO-basepage.py-wait_elementvisibility-[ line:33-等待元素可见：txtStudentExamCode，开始等待时间：2018-12-19 14:11:06.567464，等待结束时间2018-12-19 14:11:06.677470，等待时间间隔：86399
Wed, 19 Dec 2018 14:11:06-INFO-basepage.py-send_keys_element-[ line:237-执行元素输入操作。
Wed, 19 Dec 2018 14:11:06-INFO-basepage.py-find_element-[ line:107-通过{0}方式，查找元素{1}。
Wed, 19 Dec 2018 14:11:07-INFO-basepage.py-wait_elementvisibility-[ line:33-等待元素可见：ddlStudentSourseType，开始等待时间：2018-12-19 14:11:07.236502，等待结束时间2018-12-19 14:11:07.373510，等待时间间隔：86399
Wed, 19 Dec 2018 14:11:07-INFO-basepage.py-select_element-[ line:255-下拉选择元素操作。
Wed, 19 Dec 2018 14:11:07-INFO-basepage.py-find_element-[ line:107-通过{0}方式，查找元素{1}。
Wed, 19 Dec 2018 14:11:07-INFO-basepage.py-wait_elementvisibility-[ line:33-等待元素可见：ddlSourceArea，开始等待时间：2018-12-19 14:11:07.563521，等待结束时间2018-12-19 14:11:07.707529，等待时间间隔：86399
Wed, 19 Dec 2018 14:11:07-INFO-basepage.py-select_element-[ line:255-下拉选择元素操作。
Wed, 19 Dec 2018 14:11:07-INFO-basepage.py-find_element-[ line:107-通过{0}方式，查找元素{1}。
Wed, 19 Dec 2018 14:11:08-INFO-basepage.py-wait_elementvisibility-[ line:33-等待元素可见：//input[@value='暂存']，开始等待时间：2018-12-19 14:11:07.900540，等待结束时间2018-12-19 14:11:08.027548，等待时间间隔：86399
Wed, 19 Dec 2018 14:11:08-INFO-basepage.py-click_element-[ line:138-执行元素点击操作。
Wed, 19 Dec 2018 14:11:08-INFO-basepage.py-find_element-[ line:107-通过{0}方式，查找元素{1}。
Wed, 19 Dec 2018 14:11:09-INFO-basepage.py-wait_elementvisibility-[ line:33-等待元素可见：//span[text()='确定']，开始等待时间：2018-12-19 14:11:08.579579，等待结束时间2018-12-19 14:11:09.541634，等待时间间隔：86399
Wed, 19 Dec 2018 14:11:09-INFO-basepage.py-click_element-[ line:138-执行元素点击操作。
Wed, 19 Dec 2018 14:11:09-INFO-basepage.py-find_element-[ line:107-通过{0}方式，查找元素{1}。
Wed, 19 Dec 2018 14:11:13-INFO-basepage.py-wait_elementvisibility-[ line:33-等待元素可见：//table[@class='TableCss']，开始等待时间：2018-12-19 14:11:13.037834，等待结束时间2018-12-19 14:11:13.246846，等待时间间隔：86399
Wed, 19 Dec 2018 14:11:13-INFO-basepage.py-get_table-[ line:200-获取表格数据操作。
Wed, 19 Dec 2018 14:11:13-INFO-basepage.py-wait_elementvisibility-[ line:33-等待元素可见：//table[@class='TableCss']，开始等待时间：2018-12-19 14:11:13.247846，等待结束时间2018-12-19 14:11:13.349852，等待时间间隔：86399
Wed, 19 Dec 2018 14:11:13-INFO-basepage.py-get_table-[ line:200-获取表格数据操作。
Wed, 19 Dec 2018 14:11:13-INFO-basepage.py-wait_elementvisibility-[ line:33-等待元素可见：//table[@class='TableCss']，开始等待时间：2018-12-19 14:11:13.684871，等待结束时间2018-12-19 14:11:13.757875，等待时间间隔：86399
Wed, 19 Dec 2018 14:11:14-INFO-conftest.py-login_driver-[ line:24-=====用例后置：关闭浏览器会话,清理环境=======
