Wed, 19 Dec 2018 13:54:54-INFO-conftest.py-login_driver-[ line:15-=====用例前置：初始化浏览器会话，登陆教务管理系统=======
Wed, 19 Dec 2018 13:55:06-INFO-basepage.py-wait_elementvisibility-[ line:33-等待元素可见：txtUserName，开始等待时间：2018-12-19 13:55:05.823513，等待结束时间2018-12-19 13:55:06.114529，等待时间间隔：86399
Wed, 19 Dec 2018 13:55:06-INFO-basepage.py-send_keys_element-[ line:237-执行元素输入操作。
Wed, 19 Dec 2018 13:55:06-INFO-basepage.py-find_element-[ line:107-通过{0}方式，查找元素{1}。
Wed, 19 Dec 2018 13:55:06-INFO-basepage.py-send_keys_element-[ line:237-执行元素输入操作。
Wed, 19 Dec 2018 13:55:06-INFO-basepage.py-find_element-[ line:107-通过{0}方式，查找元素{1}。
Wed, 19 Dec 2018 13:55:07-INFO-basepage.py-click_element-[ line:138-执行元素点击操作。
Wed, 19 Dec 2018 13:55:07-INFO-basepage.py-find_element-[ line:107-通过{0}方式，查找元素{1}。
Wed, 19 Dec 2018 13:55:09-INFO-basepage.py-wait_elementvisibility-[ line:33-等待元素可见：.logo-mini>img，开始等待时间：2018-12-19 13:55:08.264652，等待结束时间2018-12-19 13:55:09.939748，等待时间间隔：86398
Wed, 19 Dec 2018 13:55:09-INFO-basepage.py-click_element-[ line:138-执行元素点击操作。
Wed, 19 Dec 2018 13:55:09-INFO-basepage.py-find_element-[ line:107-通过{0}方式，查找元素{1}。
Wed, 19 Dec 2018 13:55:10-INFO-basepage.py-wait_elementvisibility-[ line:33-等待元素可见：#vuewrap>aside>div>section>ul>li:nth-child(1)>a，开始等待时间：2018-12-19 13:55:10.261767，等待结束时间2018-12-19 13:55:10.650789，等待时间间隔：86399
Wed, 19 Dec 2018 13:55:10-INFO-basepage.py-click_element-[ line:138-执行元素点击操作。
Wed, 19 Dec 2018 13:55:10-INFO-basepage.py-find_element-[ line:107-通过{0}方式，查找元素{1}。
Wed, 19 Dec 2018 13:55:11-INFO-basepage.py-wait_elementvisibility-[ line:33-等待元素可见：div.listwrap>div:nth-child(1)>ul>li:nth-child(1)>a，开始等待时间：2018-12-19 13:55:11.153818，等待结束时间2018-12-19 13:55:11.321827，等待时间间隔：86399
Wed, 19 Dec 2018 13:55:11-INFO-basepage.py-click_element-[ line:138-执行元素点击操作。
Wed, 19 Dec 2018 13:55:11-INFO-basepage.py-find_element-[ line:107-通过{0}方式，查找元素{1}。
Wed, 19 Dec 2018 13:55:11-INFO-basepage.py-switch_iframe_byname-[ line:82-通过iframe的名字{0}查找iframe
Wed, 19 Dec 2018 13:55:14-INFO-basepage.py-wait_elementvisibility-[ line:33-等待元素可见：FirstName，开始等待时间：2018-12-19 13:55:14.627016，等待结束时间2018-12-19 13:55:14.727022，等待时间间隔：86399
Wed, 19 Dec 2018 13:55:14-INFO-basepage.py-send_keys_element-[ line:237-执行元素输入操作。
Wed, 19 Dec 2018 13:55:14-INFO-basepage.py-find_element-[ line:107-通过{0}方式，查找元素{1}。
Wed, 19 Dec 2018 13:55:15-INFO-basepage.py-wait_elementvisibility-[ line:33-等待元素可见：LastName，开始等待时间：2018-12-19 13:55:14.946034，等待结束时间2018-12-19 13:55:15.047040，等待时间间隔：86399
Wed, 19 Dec 2018 13:55:15-INFO-basepage.py-send_keys_element-[ line:237-执行元素输入操作。
Wed, 19 Dec 2018 13:55:15-INFO-basepage.py-find_element-[ line:107-通过{0}方式，查找元素{1}。
Wed, 19 Dec 2018 13:55:15-INFO-basepage.py-wait_elementvisibility-[ line:33-等待元素可见：FormerName，开始等待时间：2018-12-19 13:55:15.261052，等待结束时间2018-12-19 13:55:15.375059，等待时间间隔：86399
Wed, 19 Dec 2018 13:55:15-INFO-basepage.py-send_keys_element-[ line:237-执行元素输入操作。
Wed, 19 Dec 2018 13:55:15-INFO-basepage.py-find_element-[ line:107-通过{0}方式，查找元素{1}。
Wed, 19 Dec 2018 13:55:15-INFO-basepage.py-wait_elementvisibility-[ line:33-等待元素可见：ddlGender，开始等待时间：2018-12-19 13:55:15.568070，等待结束时间2018-12-19 13:55:15.682077，等待时间间隔：86399
Wed, 19 Dec 2018 13:55:15-INFO-basepage.py-select_element-[ line:255-下拉选择元素操作。
Wed, 19 Dec 2018 13:55:15-INFO-basepage.py-find_element-[ line:107-通过{0}方式，查找元素{1}。
Wed, 19 Dec 2018 13:55:16-INFO-basepage.py-wait_elementvisibility-[ line:33-等待元素可见：EngFamilyName，开始等待时间：2018-12-19 13:55:15.935091，等待结束时间2018-12-19 13:55:16.035097，等待时间间隔：86399
Wed, 19 Dec 2018 13:55:16-INFO-basepage.py-send_keys_element-[ line:237-执行元素输入操作。
Wed, 19 Dec 2018 13:55:16-INFO-basepage.py-find_element-[ line:107-通过{0}方式，查找元素{1}。
Wed, 19 Dec 2018 13:55:16-INFO-basepage.py-wait_elementvisibility-[ line:33-等待元素可见：EngFirstName，开始等待时间：2018-12-19 13:55:16.259110，等待结束时间2018-12-19 13:55:16.364116，等待时间间隔：86399
Wed, 19 Dec 2018 13:55:16-INFO-basepage.py-send_keys_element-[ line:237-执行元素输入操作。
Wed, 19 Dec 2018 13:55:16-INFO-basepage.py-find_element-[ line:107-通过{0}方式，查找元素{1}。
Wed, 19 Dec 2018 13:55:16-INFO-basepage.py-wait_elementvisibility-[ line:33-等待元素可见：Birth，开始等待时间：2018-12-19 13:55:16.617130，等待结束时间2018-12-19 13:55:16.717136，等待时间间隔：86399
Wed, 19 Dec 2018 13:55:16-INFO-basepage.py-remove_attribute-[ line:156-移除元素属性操作
Wed, 19 Dec 2018 13:55:16-INFO-basepage.py-send_keys_element-[ line:237-执行元素输入操作。
Wed, 19 Dec 2018 13:55:16-INFO-basepage.py-find_element-[ line:107-通过{0}方式，查找元素{1}。
Wed, 19 Dec 2018 13:55:17-INFO-basepage.py-wait_elementvisibility-[ line:33-等待元素可见：ddlCountryCode，开始等待时间：2018-12-19 13:55:17.158161，等待结束时间2018-12-19 13:55:17.250166，等待时间间隔：86399
Wed, 19 Dec 2018 13:55:17-INFO-basepage.py-select_element-[ line:255-下拉选择元素操作。
Wed, 19 Dec 2018 13:55:17-INFO-basepage.py-find_element-[ line:107-通过{0}方式，查找元素{1}。
Wed, 19 Dec 2018 13:55:17-INFO-basepage.py-wait_elementvisibility-[ line:33-等待元素可见：ddlNationality，开始等待时间：2018-12-19 13:55:17.399175，等待结束时间2018-12-19 13:55:17.492180，等待时间间隔：86399
Wed, 19 Dec 2018 13:55:17-INFO-basepage.py-select_element-[ line:255-下拉选择元素操作。
Wed, 19 Dec 2018 13:55:17-INFO-basepage.py-find_element-[ line:107-通过{0}方式，查找元素{1}。
Wed, 19 Dec 2018 13:55:17-INFO-basepage.py-wait_elementvisibility-[ line:33-等待元素可见：ddlPoliticalStatus，开始等待时间：2018-12-19 13:55:17.641189，等待结束时间2018-12-19 13:55:17.736194，等待时间间隔：86399
Wed, 19 Dec 2018 13:55:17-INFO-basepage.py-select_element-[ line:255-下拉选择元素操作。
Wed, 19 Dec 2018 13:55:17-INFO-basepage.py-find_element-[ line:107-通过{0}方式，查找元素{1}。
Wed, 19 Dec 2018 13:55:18-INFO-basepage.py-wait_elementvisibility-[ line:33-等待元素可见：NativePlace，开始等待时间：2018-12-19 13:55:17.991209，等待结束时间2018-12-19 13:55:18.100215，等待时间间隔：86399
Wed, 19 Dec 2018 13:55:18-INFO-basepage.py-send_keys_element-[ line:237-执行元素输入操作。
Wed, 19 Dec 2018 13:55:18-INFO-basepage.py-find_element-[ line:107-通过{0}方式，查找元素{1}。
Wed, 19 Dec 2018 13:55:18-INFO-basepage.py-wait_elementvisibility-[ line:33-等待元素可见：ddlCardType，开始等待时间：2018-12-19 13:55:18.431234，等待结束时间2018-12-19 13:55:18.532240，等待时间间隔：86399
Wed, 19 Dec 2018 13:55:18-INFO-basepage.py-send_keys_element-[ line:237-执行元素输入操作。
Wed, 19 Dec 2018 13:55:18-INFO-basepage.py-find_element-[ line:107-通过{0}方式，查找元素{1}。
Wed, 19 Dec 2018 13:55:18-INFO-basepage.py-wait_elementvisibility-[ line:33-等待元素可见：CardNo，开始等待时间：2018-12-19 13:55:18.689249，等待结束时间2018-12-19 13:55:18.783254，等待时间间隔：86399
Wed, 19 Dec 2018 13:55:18-INFO-basepage.py-send_keys_element-[ line:237-执行元素输入操作。
Wed, 19 Dec 2018 13:55:18-INFO-basepage.py-find_element-[ line:107-通过{0}方式，查找元素{1}。
Wed, 19 Dec 2018 13:55:19-INFO-basepage.py-wait_elementvisibility-[ line:33-等待元素可见：VisaEffectiveDate，开始等待时间：2018-12-19 13:55:19.426291，等待结束时间2018-12-19 13:55:19.518296，等待时间间隔：86399
Wed, 19 Dec 2018 13:55:19-INFO-basepage.py-remove_attribute-[ line:156-移除元素属性操作
Wed, 19 Dec 2018 13:55:19-INFO-basepage.py-send_keys_element-[ line:237-执行元素输入操作。
Wed, 19 Dec 2018 13:55:19-INFO-basepage.py-find_element-[ line:107-通过{0}方式，查找元素{1}。
Wed, 19 Dec 2018 13:55:20-INFO-basepage.py-wait_elementvisibility-[ line:33-等待元素可见：ddlMarriage，开始等待时间：2018-12-19 13:55:19.938320，等待结束时间2018-12-19 13:55:20.041326，等待时间间隔：86399
Wed, 19 Dec 2018 13:55:20-INFO-basepage.py-select_element-[ line:255-下拉选择元素操作。
Wed, 19 Dec 2018 13:55:20-INFO-basepage.py-find_element-[ line:107-通过{0}方式，查找元素{1}。
Wed, 19 Dec 2018 13:55:20-INFO-basepage.py-wait_elementvisibility-[ line:33-等待元素可见：ddlNativeLanguage，开始等待时间：2018-12-19 13:55:20.283340，等待结束时间2018-12-19 13:55:20.401347，等待时间间隔：86399
Wed, 19 Dec 2018 13:55:20-INFO-basepage.py-select_element-[ line:255-下拉选择元素操作。
Wed, 19 Dec 2018 13:55:20-INFO-basepage.py-find_element-[ line:107-通过{0}方式，查找元素{1}。
Wed, 19 Dec 2018 13:55:20-INFO-basepage.py-wait_elementvisibility-[ line:33-等待元素可见：ddlMainDarin，开始等待时间：2018-12-19 13:55:20.646361，等待结束时间2018-12-19 13:55:20.745366，等待时间间隔：86399
Wed, 19 Dec 2018 13:55:20-INFO-basepage.py-select_element-[ line:255-下拉选择元素操作。
Wed, 19 Dec 2018 13:55:20-INFO-basepage.py-find_element-[ line:107-通过{0}方式，查找元素{1}。
Wed, 19 Dec 2018 13:55:20-INFO-basepage.py-wait_elementvisibility-[ line:33-等待元素可见：SchoolRollNumber，开始等待时间：2018-12-19 13:55:20.898375，等待结束时间2018-12-19 13:55:20.992380，等待时间间隔：86399
Wed, 19 Dec 2018 13:55:20-INFO-basepage.py-send_keys_element-[ line:237-执行元素输入操作。
Wed, 19 Dec 2018 13:55:20-INFO-basepage.py-find_element-[ line:107-通过{0}方式，查找元素{1}。
Wed, 19 Dec 2018 13:55:21-INFO-basepage.py-wait_elementvisibility-[ line:33-等待元素可见：ddlDepartment，开始等待时间：2018-12-19 13:55:21.402404，等待结束时间2018-12-19 13:55:21.491409，等待时间间隔：86399
Wed, 19 Dec 2018 13:55:21-INFO-basepage.py-select_element-[ line:255-下拉选择元素操作。
Wed, 19 Dec 2018 13:55:21-INFO-basepage.py-find_element-[ line:107-通过{0}方式，查找元素{1}。
Wed, 19 Dec 2018 13:55:21-INFO-basepage.py-wait_elementvisibility-[ line:33-等待元素可见：ddlGrade，开始等待时间：2018-12-19 13:55:21.753424，等待结束时间2018-12-19 13:55:21.865430，等待时间间隔：86399
Wed, 19 Dec 2018 13:55:21-INFO-basepage.py-select_element-[ line:255-下拉选择元素操作。
Wed, 19 Dec 2018 13:55:21-INFO-basepage.py-find_element-[ line:107-通过{0}方式，查找元素{1}。
Wed, 19 Dec 2018 13:55:22-INFO-basepage.py-wait_elementvisibility-[ line:33-等待元素可见：ddlTrainLevel，开始等待时间：2018-12-19 13:55:22.165447，等待结束时间2018-12-19 13:55:22.273454，等待时间间隔：86399
Wed, 19 Dec 2018 13:55:22-INFO-basepage.py-select_element-[ line:255-下拉选择元素操作。
Wed, 19 Dec 2018 13:55:22-INFO-basepage.py-find_element-[ line:107-通过{0}方式，查找元素{1}。
Wed, 19 Dec 2018 13:55:22-INFO-basepage.py-wait_elementvisibility-[ line:33-等待元素可见：SchoolSystem，开始等待时间：2018-12-19 13:55:22.503467，等待结束时间2018-12-19 13:55:22.602472，等待时间间隔：86399
Wed, 19 Dec 2018 13:55:22-INFO-basepage.py-remove_attribute-[ line:156-移除元素属性操作
Wed, 19 Dec 2018 13:55:22-INFO-basepage.py-send_keys_element-[ line:237-执行元素输入操作。
Wed, 19 Dec 2018 13:55:22-INFO-basepage.py-find_element-[ line:107-通过{0}方式，查找元素{1}。
Wed, 19 Dec 2018 13:55:22-INFO-basepage.py-wait_elementvisibility-[ line:33-等待元素可见：ddlProgram，开始等待时间：2018-12-19 13:55:22.813484，等待结束时间2018-12-19 13:55:22.917490，等待时间间隔：86399
Wed, 19 Dec 2018 13:55:22-INFO-basepage.py-select_element-[ line:255-下拉选择元素操作。
Wed, 19 Dec 2018 13:55:22-INFO-basepage.py-find_element-[ line:107-通过{0}方式，查找元素{1}。
Wed, 19 Dec 2018 13:55:23-INFO-basepage.py-wait_elementvisibility-[ line:33-等待元素可见：ddlStudentType，开始等待时间：2018-12-19 13:55:23.174505，等待结束时间2018-12-19 13:55:23.299512，等待时间间隔：86399
Wed, 19 Dec 2018 13:55:23-INFO-basepage.py-select_element-[ line:255-下拉选择元素操作。
Wed, 19 Dec 2018 13:55:23-INFO-basepage.py-find_element-[ line:107-通过{0}方式，查找元素{1}。
Wed, 19 Dec 2018 13:55:23-INFO-basepage.py-wait_elementvisibility-[ line:33-等待元素可见：ddlStudentType，开始等待时间：2018-12-19 13:55:23.553527，等待结束时间2018-12-19 13:55:23.635531，等待时间间隔：86399
Wed, 19 Dec 2018 13:55:23-INFO-basepage.py-select_element-[ line:255-下拉选择元素操作。
Wed, 19 Dec 2018 13:55:23-INFO-basepage.py-find_element-[ line:107-通过{0}方式，查找元素{1}。
Wed, 19 Dec 2018 13:55:23-INFO-basepage.py-wait_elementvisibility-[ line:33-等待元素可见：ddlDistributary，开始等待时间：2018-12-19 13:55:23.867545，等待结束时间2018-12-19 13:55:23.964550，等待时间间隔：86399
Wed, 19 Dec 2018 13:55:23-INFO-basepage.py-select_element-[ line:255-下拉选择元素操作。
Wed, 19 Dec 2018 13:55:23-INFO-basepage.py-find_element-[ line:107-通过{0}方式，查找元素{1}。
Wed, 19 Dec 2018 13:55:24-INFO-basepage.py-wait_elementvisibility-[ line:33-等待元素可见：ddlEnterGrade，开始等待时间：2018-12-19 13:55:24.119559，等待结束时间2018-12-19 13:55:24.213565，等待时间间隔：86399
Wed, 19 Dec 2018 13:55:24-INFO-basepage.py-select_element-[ line:255-下拉选择元素操作。
Wed, 19 Dec 2018 13:55:24-INFO-basepage.py-find_element-[ line:107-通过{0}方式，查找元素{1}。
Wed, 19 Dec 2018 13:55:24-INFO-basepage.py-wait_elementvisibility-[ line:33-等待元素可见：EnterDate，开始等待时间：2018-12-19 13:55:24.450578，等待结束时间2018-12-19 13:55:24.549584，等待时间间隔：86399
Wed, 19 Dec 2018 13:55:24-INFO-basepage.py-remove_attribute-[ line:156-移除元素属性操作
Wed, 19 Dec 2018 13:55:24-INFO-basepage.py-clear_input-[ line:176-清除文本框内容操作。
Wed, 19 Dec 2018 13:55:24-INFO-basepage.py-find_element-[ line:107-通过{0}方式，查找元素{1}。
Wed, 19 Dec 2018 13:55:24-INFO-basepage.py-send_keys_element-[ line:237-执行元素输入操作。
Wed, 19 Dec 2018 13:55:24-INFO-basepage.py-find_element-[ line:107-通过{0}方式，查找元素{1}。
Wed, 19 Dec 2018 13:55:25-INFO-basepage.py-wait_elementvisibility-[ line:33-等待元素可见：EndDate，开始等待时间：2018-12-19 13:55:25.038612，等待结束时间2018-12-19 13:55:25.135617，等待时间间隔：86399
Wed, 19 Dec 2018 13:55:25-INFO-basepage.py-remove_attribute-[ line:156-移除元素属性操作
Wed, 19 Dec 2018 13:55:25-INFO-basepage.py-clear_input-[ line:176-清除文本框内容操作。
Wed, 19 Dec 2018 13:55:25-INFO-basepage.py-find_element-[ line:107-通过{0}方式，查找元素{1}。
Wed, 19 Dec 2018 13:55:25-INFO-basepage.py-send_keys_element-[ line:237-执行元素输入操作。
Wed, 19 Dec 2018 13:55:25-INFO-basepage.py-find_element-[ line:107-通过{0}方式，查找元素{1}。
Wed, 19 Dec 2018 13:55:25-INFO-basepage.py-wait_elementvisibility-[ line:33-等待元素可见：txtStudentExamCode，开始等待时间：2018-12-19 13:55:25.617645，等待结束时间2018-12-19 13:55:25.714650，等待时间间隔：86399
Wed, 19 Dec 2018 13:55:25-INFO-basepage.py-send_keys_element-[ line:237-执行元素输入操作。
Wed, 19 Dec 2018 13:55:25-INFO-basepage.py-find_element-[ line:107-通过{0}方式，查找元素{1}。
Wed, 19 Dec 2018 13:55:26-INFO-basepage.py-wait_elementvisibility-[ line:33-等待元素可见：ddlStudentSourseType，开始等待时间：2018-12-19 13:55:26.166676，等待结束时间2018-12-19 13:55:26.259682，等待时间间隔：86399
Wed, 19 Dec 2018 13:55:26-INFO-basepage.py-select_element-[ line:255-下拉选择元素操作。
Wed, 19 Dec 2018 13:55:26-INFO-basepage.py-find_element-[ line:107-通过{0}方式，查找元素{1}。
Wed, 19 Dec 2018 13:55:26-INFO-basepage.py-wait_elementvisibility-[ line:33-等待元素可见：ddlSourceArea，开始等待时间：2018-12-19 13:55:26.408690，等待结束时间2018-12-19 13:55:26.501695，等待时间间隔：86399
Wed, 19 Dec 2018 13:55:26-INFO-basepage.py-select_element-[ line:255-下拉选择元素操作。
Wed, 19 Dec 2018 13:55:26-INFO-basepage.py-find_element-[ line:107-通过{0}方式，查找元素{1}。
Wed, 19 Dec 2018 13:55:26-INFO-basepage.py-wait_elementvisibility-[ line:33-等待元素可见：//input[@value='暂存']，开始等待时间：2018-12-19 13:55:26.651704，等待结束时间2018-12-19 13:55:26.749710，等待时间间隔：86399
Wed, 19 Dec 2018 13:55:26-INFO-basepage.py-click_element-[ line:138-执行元素点击操作。
Wed, 19 Dec 2018 13:55:26-INFO-basepage.py-find_element-[ line:107-通过{0}方式，查找元素{1}。
